0.502000 0.600000 0.430000 0.500000
0.498000 0.610000 0.410000 0.490000
0.501250 0.610000 0.380000 0.490000
0.515250 0.610000 0.420000 0.510000
0.527750 0.620000 0.440000 0.520000
0.531500 0.650000 0.430000 0.520000
0.542250 0.650000 0.440000 0.530000
0.549000 0.670000 0.430000 0.540000
0.558500 0.690000 0.420000 0.560000
0.575750 0.710000 0.440000 0.570000
0.569000 0.710000 0.390000 0.570000
0.573000 0.710000 0.380000 0.570000
0.588500 0.710000 0.420000 0.610000
0.581500 0.710000 0.420000 0.580000
0.582000 0.710000 0.430000 0.590000
0.598000 0.710000 0.450000 0.610000
0.597750 0.710000 0.480000 0.610000
0.600250 0.710000 0.490000 0.590000
0.598500 0.710000 0.460000 0.610000
0.599250 0.710000 0.460000 0.610000
0.602750 0.710000 0.490000 0.610000
0.608750 0.710000 0.490000 0.600000
0.625750 0.730000 0.500000 0.630000
0.641000 0.740000 0.530000 0.660000
0.644750 0.740000 0.540000 0.640000
0.642750 0.740000 0.510000 0.640000
0.640000 0.750000 0.530000 0.640000
0.655000 0.760000 0.590000 0.650000
0.650500 0.760000 0.560000 0.650000
0.658250 0.770000 0.550000 0.660000
0.658250 0.780000 0.520000 0.650000
0.664750 0.780000 0.520000 0.660000
0.686750 0.790000 0.560000 0.690000
0.707000 0.790000 0.640000 0.700000
0.718750 0.790000 0.610000 0.720000
0.720750 0.790000 0.600000 0.730000
0.720250 0.790000 0.610000 0.720000
0.720000 0.790000 0.640000 0.730000
0.721750 0.790000 0.640000 0.730000
0.725500 0.800000 0.630000 0.730000
0.724000 0.820000 0.630000 0.720000
0.722000 0.820000 0.630000 0.730000
0.719250 0.820000 0.630000 0.720000
0.714500 0.820000 0.610000 0.710000
0.718250 0.820000 0.630000 0.720000
0.704250 0.820000 0.640000 0.700000
0.714500 0.820000 0.620000 0.710000
0.720500 0.820000 0.630000 0.720000
0.711000 0.820000 0.600000 0.700000
0.713000 0.820000 0.630000 0.700000
0.711750 0.820000 0.630000 0.700000
0.717750 0.820000 0.650000 0.720000
0.717750 0.820000 0.640000 0.720000
0.705750 0.830000 0.620000 0.690000
0.715500 0.830000 0.630000 0.710000
0.717500 0.830000 0.630000 0.710000
0.720500 0.830000 0.600000 0.720000
0.735500 0.830000 0.650000 0.730000
0.746000 0.830000 0.670000 0.740000
0.753250 0.830000 0.670000 0.750000
0.762750 0.830000 0.670000 0.760000
0.768250 0.830000 0.680000 0.780000
0.767500 0.830000 0.640000 0.770000
0.766750 0.830000 0.670000 0.770000
0.772500 0.830000 0.710000 0.770000
0.777000 0.830000 0.720000 0.780000
0.774250 0.830000 0.710000 0.780000
0.766750 0.830000 0.690000 0.760000
0.757500 0.830000 0.700000 0.750000
0.755250 0.830000 0.690000 0.760000
0.754750 0.830000 0.670000 0.760000
0.752750 0.830000 0.690000 0.750000
0.747000 0.830000 0.690000 0.740000
0.744500 0.840000 0.670000 0.740000
0.737000 0.840000 0.670000 0.730000
0.741500 0.840000 0.640000 0.730000
0.731750 0.840000 0.640000 0.730000
0.737000 0.840000 0.620000 0.750000
0.726750 0.840000 0.630000 0.730000
0.734500 0.840000 0.660000 0.730000
0.741750 0.840000 0.670000 0.730000
0.741750 0.840000 0.660000 0.740000
0.754000 0.840000 0.690000 0.750000
0.747500 0.840000 0.660000 0.750000
0.743500 0.840000 0.660000 0.740000
0.744750 0.840000 0.670000 0.740000
0.741000 0.840000 0.680000 0.740000
0.741250 0.840000 0.670000 0.750000
0.748750 0.840000 0.660000 0.750000
0.753750 0.840000 0.690000 0.750000
0.737250 0.840000 0.680000 0.730000
0.738250 0.840000 0.670000 0.740000
0.727250 0.840000 0.660000 0.730000
0.722250 0.840000 0.660000 0.720000
0.724000 0.840000 0.660000 0.710000
0.727500 0.840000 0.670000 0.720000
0.729500 0.840000 0.670000 0.720000
0.731250 0.840000 0.670000 0.730000
0.725500 0.840000 0.660000 0.720000
0.730250 0.840000 0.640000 0.730000
0.730250 0.840000 0.610000 0.720000
0.724250 0.840000 0.650000 0.710000
0.726000 0.840000 0.660000 0.720000
0.729500 0.840000 0.640000 0.720000
0.735250 0.840000 0.650000 0.730000
0.738000 0.840000 0.660000 0.740000
0.736250 0.840000 0.670000 0.730000
0.730250 0.840000 0.640000 0.730000
0.732250 0.840000 0.670000 0.730000
0.724000 0.840000 0.650000 0.720000
0.724000 0.840000 0.620000 0.710000
0.724000 0.840000 0.630000 0.720000
0.735750 0.850000 0.650000 0.730000
0.719500 0.850000 0.640000 0.710000
0.732750 0.850000 0.650000 0.740000
0.739750 0.850000 0.650000 0.740000
0.738750 0.850000 0.630000 0.740000
0.744250 0.850000 0.640000 0.750000
0.751500 0.850000 0.660000 0.740000
0.753000 0.850000 0.690000 0.740000
0.755500 0.850000 0.680000 0.750000
0.766750 0.850000 0.700000 0.760000
0.763750 0.850000 0.690000 0.760000
0.762750 0.850000 0.680000 0.750000
0.765000 0.850000 0.700000 0.760000
0.764750 0.850000 0.680000 0.750000
0.766250 0.850000 0.670000 0.760000
0.760750 0.850000 0.670000 0.760000
0.755000 0.850000 0.680000 0.750000
0.760250 0.850000 0.680000 0.760000
0.762000 0.850000 0.670000 0.760000
0.764250 0.850000 0.670000 0.760000
0.771250 0.850000 0.670000 0.770000
0.767000 0.860000 0.670000 0.760000
0.768250 0.860000 0.690000 0.760000
0.776500 0.860000 0.670000 0.780000
0.773250 0.860000 0.640000 0.790000
0.774750 0.860000 0.680000 0.780000
0.767750 0.860000 0.670000 0.770000
0.772750 0.860000 0.660000 0.770000
0.757500 0.860000 0.670000 0.750000
0.759000 0.860000 0.680000 0.760000
0.754250 0.860000 0.660000 0.760000
0.752250 0.860000 0.650000 0.750000
0.748750 0.860000 0.630000 0.740000
0.760000 0.860000 0.640000 0.750000
0.773750 0.860000 0.670000 0.780000
0.765250 0.860000 0.670000 0.780000
0.767250 0.860000 0.690000 0.760000
0.767250 0.860000 0.690000 0.760000
0.778000 0.860000 0.710000 0.780000
0.775000 0.860000 0.700000 0.770000
0.777750 0.860000 0.710000 0.780000
0.770500 0.860000 0.700000 0.780000
0.772750 0.860000 0.680000 0.780000
0.781000 0.870000 0.710000 0.780000
0.774000 0.870000 0.710000 0.770000
0.779250 0.870000 0.690000 0.770000
0.783000 0.870000 0.700000 0.780000
0.779250 0.870000 0.700000 0.770000
0.771750 0.870000 0.650000 0.770000
0.781250 0.880000 0.690000 0.770000
0.771500 0.880000 0.700000 0.760000
0.766750 0.880000 0.700000 0.760000
0.769500 0.880000 0.690000 0.770000
0.762000 0.880000 0.700000 0.760000
0.762500 0.880000 0.690000 0.760000
0.767250 0.880000 0.660000 0.770000
0.760250 0.880000 0.640000 0.760000
0.760750 0.880000 0.640000 0.750000
0.770750 0.880000 0.690000 0.770000
0.778500 0.880000 0.710000 0.770000
0.782000 0.880000 0.710000 0.780000
0.781250 0.880000 0.710000 0.780000
0.768250 0.880000 0.690000 0.770000
0.765250 0.880000 0.700000 0.760000
0.764000 0.880000 0.680000 0.760000
0.773750 0.880000 0.700000 0.770000
0.767000 0.880000 0.680000 0.760000
0.774500 0.880000 0.690000 0.770000
0.781000 0.880000 0.710000 0.770000
0.782500 0.880000 0.680000 0.780000
0.782750 0.880000 0.690000 0.780000
0.774500 0.880000 0.690000 0.770000
0.784750 0.880000 0.690000 0.780000
0.798250 0.880000 0.720000 0.790000
0.791500 0.880000 0.680000 0.800000
0.786750 0.880000 0.670000 0.790000
0.785250 0.880000 0.670000 0.800000
0.786000 0.880000 0.670000 0.780000
0.786000 0.880000 0.670000 0.780000
0.779250 0.880000 0.670000 0.780000
0.785500 0.880000 0.670000 0.790000
0.791000 0.880000 0.670000 0.800000
0.788250 0.880000 0.670000 0.790000
0.791500 0.880000 0.690000 0.790000
0.793750 0.880000 0.700000 0.800000
0.798000 0.880000 0.700000 0.800000
0.795250 0.880000 0.680000 0.800000
0.796000 0.880000 0.670000 0.800000
0.796000 0.880000 0.660000 0.800000
0.796000 0.880000 0.680000 0.800000
0.798250 0.880000 0.700000 0.800000
0.799750 0.880000 0.730000 0.790000
0.808250 0.880000 0.750000 0.810000
0.806500 0.880000 0.740000 0.800000
0.802000 0.880000 0.730000 0.810000
0.797500 0.880000 0.730000 0.790000
0.793500 0.880000 0.710000 0.790000
0.788500 0.880000 0.700000 0.790000
0.787250 0.880000 0.720000 0.780000
0.793750 0.880000 0.730000 0.790000
0.787500 0.880000 0.710000 0.790000
0.787250 0.880000 0.700000 0.790000
0.781250 0.880000 0.700000 0.790000
0.785500 0.880000 0.700000 0.780000
0.775750 0.880000 0.700000 0.780000
0.776250 0.880000 0.700000 0.770000
0.770250 0.880000 0.670000 0.770000
0.770000 0.880000 0.710000 0.760000
0.768750 0.880000 0.710000 0.750000
0.768500 0.880000 0.680000 0.750000
0.763000 0.880000 0.670000 0.770000
0.762750 0.880000 0.670000 0.760000
0.770750 0.880000 0.670000 0.770000
0.786000 0.910000 0.660000 0.780000
0.790000 0.910000 0.680000 0.790000
0.811750 0.910000 0.700000 0.810000
0.812250 0.910000 0.710000 0.820000
0.816000 0.910000 0.700000 0.820000
0.827750 0.910000 0.710000 0.830000
0.832250 0.910000 0.700000 0.830000
0.834500 0.910000 0.720000 0.830000
0.822250 0.910000 0.740000 0.830000
0.822500 0.910000 0.720000 0.830000
0.819500 0.910000 0.750000 0.820000
0.815250 0.910000 0.720000 0.820000
0.801000 0.910000 0.700000 0.800000
0.810750 0.910000 0.730000 0.810000
0.812000 0.910000 0.720000 0.810000
0.804000 0.910000 0.730000 0.800000
0.803250 0.910000 0.740000 0.800000
0.794500 0.910000 0.720000 0.780000
0.788000 0.910000 0.710000 0.790000
0.782000 0.910000 0.700000 0.770000
0.779500 0.910000 0.670000 0.770000
0.771750 0.910000 0.660000 0.770000
0.777750 0.910000 0.640000 0.770000
0.776750 0.920000 0.700000 0.780000
0.777500 0.920000 0.670000 0.780000
0.780500 0.920000 0.680000 0.770000
0.764000 0.920000 0.670000 0.760000
0.763250 0.920000 0.690000 0.760000
0.769000 0.920000 0.680000 0.750000
0.772000 0.920000 0.650000 0.750000
0.791250 0.920000 0.680000 0.790000
0.805000 0.920000 0.700000 0.810000
0.805250 0.920000 0.710000 0.800000
0.820500 0.930000 0.720000 0.820000
0.831500 0.930000 0.730000 0.830000
0.830500 0.940000 0.740000 0.810000
0.845500 0.940000 0.740000 0.840000
0.854000 0.940000 0.740000 0.860000
0.849500 0.940000 0.750000 0.850000
0.857250 0.940000 0.780000 0.850000
0.852500 0.940000 0.780000 0.850000
0.845750 0.940000 0.760000 0.830000
0.843000 0.940000 0.760000 0.850000
0.843750 0.940000 0.770000 0.840000
0.842250 0.940000 0.760000 0.850000
0.834250 0.940000 0.750000 0.830000
0.840750 0.940000 0.730000 0.840000
0.843500 0.940000 0.720000 0.840000
0.835250 0.940000 0.750000 0.830000
0.840500 0.940000 0.730000 0.850000
0.839250 0.940000 0.710000 0.840000
0.836750 0.940000 0.750000 0.830000
0.835250 0.940000 0.750000 0.830000
0.834500 0.940000 0.730000 0.830000
0.832750 0.940000 0.730000 0.830000
0.842000 0.940000 0.730000 0.840000
0.844500 0.940000 0.760000 0.840000
0.839750 0.940000 0.740000 0.840000
0.842750 0.940000 0.750000 0.840000
0.838500 0.940000 0.770000 0.840000
0.830750 0.940000 0.760000 0.830000
0.836750 0.940000 0.740000 0.840000
0.841000 0.940000 0.790000 0.830000
0.833000 0.940000 0.770000 0.830000
0.828750 0.940000 0.760000 0.820000
0.835000 0.940000 0.760000 0.840000
0.833000 0.940000 0.740000 0.840000
0.841500 0.940000 0.750000 0.840000
0.845250 0.940000 0.750000 0.840000
0.838000 0.940000 0.760000 0.830000
0.843250 0.940000 0.790000 0.840000
0.840500 0.940000 0.770000 0.840000
0.847000 0.940000 0.770000 0.840000
0.840750 0.940000 0.770000 0.840000
0.846000 0.940000 0.780000 0.850000
0.843250 0.940000 0.780000 0.840000
0.844500 0.940000 0.750000 0.850000
0.842250 0.940000 0.740000 0.840000
0.844000 0.940000 0.760000 0.840000
0.823750 0.940000 0.740000 0.830000
0.835250 0.940000 0.740000 0.830000
0.832000 0.940000 0.670000 0.830000
0.825750 0.940000 0.710000 0.820000
0.805250 0.940000 0.710000 0.800000
0.809000 0.940000 0.700000 0.800000
0.800500 0.940000 0.690000 0.790000
0.800000 0.940000 0.710000 0.790000
0.812500 0.940000 0.720000 0.800000
0.826250 0.940000 0.670000 0.830000
0.819750 0.940000 0.700000 0.820000
0.813250 0.940000 0.720000 0.800000
0.817000 0.940000 0.720000 0.810000
0.829750 0.940000 0.730000 0.820000
0.829500 0.940000 0.740000 0.820000
0.836750 0.940000 0.750000 0.830000
0.835500 0.940000 0.730000 0.830000
0.836500 0.940000 0.740000 0.830000
0.828250 0.940000 0.740000 0.830000
0.825500 0.940000 0.720000 0.820000
0.826750 0.940000 0.740000 0.820000
0.837000 0.940000 0.750000 0.830000
0.835000 0.940000 0.770000 0.830000
0.829000 0.940000 0.740000 0.830000
0.826750 0.940000 0.750000 0.820000
0.827000 0.940000 0.720000 0.820000
0.832000 0.940000 0.710000 0.830000
0.836250 0.940000 0.700000 0.830000
0.840750 0.940000 0.730000 0.830000
0.848750 0.940000 0.760000 0.840000
0.852750 0.940000 0.760000 0.860000
0.837000 0.950000 0.720000 0.830000
0.841250 0.950000 0.720000 0.840000
0.821000 0.950000 0.690000 0.800000
0.809250 0.950000 0.740000 0.800000
0.803750 0.950000 0.710000 0.800000
0.798500 0.950000 0.700000 0.790000
0.795500 0.950000 0.710000 0.780000
0.787750 0.950000 0.690000 0.770000
0.785500 0.950000 0.710000 0.760000
0.768000 0.950000 0.690000 0.750000
0.757500 0.950000 0.660000 0.740000
0.761250 0.950000 0.660000 0.750000
0.758250 0.950000 0.660000 0.760000
0.772500 0.950000 0.620000 0.770000
0.775000 0.950000 0.640000 0.760000
0.782750 0.950000 0.620000 0.780000
0.801500 0.950000 0.690000 0.780000
0.804500 0.950000 0.690000 0.780000
0.799750 0.950000 0.670000 0.790000
0.824000 0.950000 0.680000 0.820000
0.820000 0.950000 0.680000 0.810000
0.817750 0.950000 0.680000 0.820000
0.816250 0.950000 0.700000 0.820000
0.818250 0.950000 0.720000 0.810000
0.816750 0.950000 0.750000 0.810000
0.830000 0.950000 0.740000 0.820000
0.831750 0.950000 0.700000 0.830000
0.821750 0.950000 0.690000 0.830000
0.823500 0.950000 0.750000 0.810000
0.828250 0.950000 0.750000 0.820000
0.823500 0.950000 0.740000 0.820000
0.830750 0.950000 0.700000 0.820000
0.834750 0.950000 0.680000 0.840000
0.841750 0.950000 0.740000 0.840000
0.838750 0.950000 0.740000 0.840000
0.855750 0.950000 0.770000 0.860000
0.859500 0.950000 0.750000 0.860000
0.854250 0.950000 0.760000 0.850000
0.849500 0.950000 0.750000 0.850000
0.842000 0.950000 0.750000 0.850000
0.839500 0.950000 0.750000 0.840000
0.838500 0.950000 0.760000 0.840000
0.837250 0.950000 0.740000 0.830000
0.843750 0.950000 0.780000 0.830000
0.845000 0.950000 0.740000 0.840000
0.847750 0.950000 0.760000 0.840000
0.842750 0.950000 0.740000 0.830000
0.842750 0.950000 0.720000 0.840000
0.838500 0.950000 0.740000 0.840000
0.841000 0.950000 0.760000 0.840000
0.839000 0.950000 0.770000 0.840000
0.842500 0.950000 0.760000 0.840000
0.846250 0.950000 0.780000 0.850000
0.834750 0.950000 0.750000 0.830000
0.833750 0.950000 0.710000 0.830000
0.834250 0.950000 0.730000 0.830000
0.835250 0.950000 0.720000 0.830000
0.827250 0.950000 0.720000 0.820000
0.820750 0.950000 0.760000 0.810000
0.816250 0.950000 0.750000 0.810000
0.805000 0.950000 0.720000 0.800000
0.804500 0.950000 0.710000 0.800000
0.804750 0.950000 0.740000 0.800000
0.801000 0.950000 0.740000 0.800000
0.793750 0.950000 0.700000 0.780000
0.789500 0.950000 0.710000 0.790000
0.792250 0.950000 0.700000 0.790000
0.788750 0.950000 0.700000 0.780000
0.787250 0.950000 0.690000 0.780000
0.803000 0.950000 0.690000 0.790000
0.812500 0.950000 0.710000 0.810000
0.824750 0.950000 0.730000 0.830000
0.836000 0.950000 0.730000 0.830000
0.838000 0.950000 0.690000 0.840000
0.849250 0.950000 0.670000 0.850000
0.832500 0.950000 0.660000 0.820000
0.839000 0.950000 0.710000 0.850000
0.818000 0.950000 0.690000 0.810000
0.812750 0.950000 0.700000 0.810000
0.820750 0.950000 0.710000 0.820000
0.829000 0.950000 0.670000 0.830000
0.831250 0.950000 0.670000 0.840000
0.843000 0.950000 0.760000 0.850000
0.839500 0.950000 0.740000 0.840000
0.841500 0.950000 0.740000 0.840000
0.844750 0.950000 0.740000 0.850000
0.840250 0.950000 0.730000 0.840000
0.839500 0.950000 0.750000 0.830000
0.835500 0.950000 0.710000 0.830000
0.828500 0.950000 0.700000 0.820000
0.835750 0.950000 0.720000 0.820000
0.824000 0.950000 0.740000 0.800000
0.834750 0.950000 0.740000 0.830000
0.841250 0.950000 0.730000 0.840000
0.847500 0.950000 0.730000 0.850000
0.846500 0.950000 0.780000 0.840000
0.845500 0.950000 0.780000 0.840000
0.841250 0.950000 0.740000 0.840000
0.834500 0.950000 0.740000 0.830000
0.839500 0.950000 0.750000 0.840000
0.834250 0.950000 0.700000 0.840000
0.824250 0.950000 0.680000 0.830000
0.836750 0.950000 0.720000 0.850000
0.833500 0.950000 0.750000 0.830000
0.835500 0.950000 0.760000 0.840000
0.848250 0.950000 0.760000 0.850000
0.843000 0.950000 0.750000 0.850000
0.842000 0.960000 0.730000 0.850000
0.843250 0.960000 0.710000 0.840000
0.851500 0.960000 0.750000 0.850000
0.847250 0.960000 0.750000 0.840000
0.840250 0.960000 0.740000 0.830000
0.838250 0.960000 0.730000 0.840000
0.832000 0.960000 0.730000 0.840000
0.834750 0.960000 0.760000 0.830000
0.831750 0.960000 0.760000 0.830000
0.826500 0.960000 0.730000 0.830000
0.812750 0.960000 0.710000 0.810000
0.819250 0.960000 0.740000 0.810000
0.826000 0.960000 0.760000 0.820000
0.816750 0.960000 0.750000 0.810000
0.805500 0.960000 0.740000 0.790000
0.797250 0.960000 0.730000 0.790000
0.787000 0.960000 0.720000 0.780000
0.800000 0.960000 0.700000 0.790000
0.800750 0.960000 0.710000 0.780000
0.805500 0.960000 0.660000 0.790000
0.809500 0.960000 0.700000 0.780000
0.835000 0.960000 0.680000 0.820000
0.832750 0.960000 0.680000 0.820000
0.834250 0.960000 0.730000 0.820000
0.844000 0.960000 0.720000 0.840000
0.844750 0.960000 0.750000 0.850000
0.845750 0.960000 0.750000 0.860000
0.851500 0.960000 0.760000 0.850000
0.858000 0.960000 0.730000 0.860000
0.849750 0.960000 0.780000 0.850000
0.849000 0.960000 0.760000 0.850000
0.849750 0.960000 0.780000 0.850000
0.844250 0.960000 0.770000 0.840000
0.835000 0.960000 0.760000 0.830000
0.819000 0.960000 0.740000 0.820000
0.811250 0.960000 0.720000 0.810000
0.823750 0.960000 0.700000 0.820000
0.814000 0.960000 0.690000 0.810000
0.816000 0.960000 0.700000 0.810000
0.818500 0.960000 0.680000 0.810000
0.813250 0.960000 0.700000 0.810000
0.825500 0.960000 0.710000 0.830000
0.824000 0.960000 0.700000 0.830000
0.808000 0.960000 0.670000 0.820000
0.805500 0.960000 0.690000 0.810000
0.801000 0.960000 0.670000 0.800000
0.797000 0.960000 0.720000 0.790000
0.804250 0.960000 0.730000 0.790000
0.798750 0.960000 0.720000 0.780000
0.809500 0.960000 0.700000 0.790000
0.814750 0.960000 0.700000 0.810000
0.818250 0.960000 0.720000 0.790000
0.836250 0.960000 0.710000 0.830000
0.851750 0.960000 0.720000 0.850000
0.854250 0.960000 0.730000 0.850000
0.852750 0.960000 0.720000 0.850000
0.843500 0.960000 0.730000 0.850000
0.838750 0.960000 0.720000 0.840000
0.830250 0.960000 0.750000 0.830000
0.832000 0.960000 0.720000 0.820000
0.846500 0.960000 0.730000 0.840000
0.838000 0.960000 0.740000 0.840000
0.840250 0.960000 0.730000 0.850000
0.835500 0.960000 0.740000 0.840000
0.823500 0.960000 0.750000 0.830000
0.830000 0.960000 0.770000 0.830000
0.826250 0.960000 0.760000 0.820000
0.827250 0.960000 0.700000 0.830000
0.852000 0.960000 0.710000 0.850000
0.859250 0.960000 0.760000 0.850000
0.858500 0.960000 0.780000 0.860000
0.853750 0.960000 0.780000 0.840000
0.846750 0.960000 0.740000 0.840000
0.853250 0.960000 0.760000 0.850000
0.849000 0.960000 0.760000 0.850000
0.842500 0.960000 0.740000 0.840000
0.839500 0.960000 0.760000 0.830000
0.844250 0.960000 0.790000 0.830000
0.837500 0.960000 0.770000 0.830000
0.825750 0.960000 0.760000 0.820000
0.826250 0.960000 0.750000 0.810000
0.826500 0.960000 0.730000 0.810000
0.824250 0.960000 0.740000 0.820000
0.824000 0.960000 0.730000 0.820000
0.827000 0.960000 0.720000 0.820000
0.833250 0.960000 0.720000 0.830000
0.825000 0.960000 0.720000 0.810000
0.828750 0.960000 0.690000 0.820000
0.835250 0.960000 0.710000 0.830000
0.847250 0.960000 0.770000 0.830000
0.846000 0.960000 0.750000 0.840000
0.852250 0.960000 0.760000 0.840000
0.857500 0.960000 0.760000 0.850000
0.847250 0.960000 0.760000 0.850000
0.852250 0.960000 0.770000 0.840000
0.847000 0.960000 0.750000 0.840000
0.842750 0.960000 0.760000 0.830000
0.849000 0.960000 0.790000 0.830000
0.848000 0.960000 0.760000 0.840000
0.837500 0.960000 0.740000 0.830000
0.851500 0.960000 0.750000 0.850000
0.848000 0.960000 0.770000 0.840000
0.842750 0.960000 0.760000 0.830000
0.840000 0.960000 0.740000 0.830000
0.830000 0.960000 0.740000 0.820000
0.819000 0.960000 0.710000 0.820000
0.824750 0.960000 0.690000 0.830000
0.843500 0.960000 0.730000 0.840000
0.836250 0.960000 0.750000 0.840000
0.840750 0.960000 0.720000 0.840000
0.848750 0.960000 0.780000 0.840000
0.846250 0.960000 0.770000 0.850000
0.853250 0.960000 0.800000 0.860000
0.860250 0.960000 0.800000 0.860000
0.858000 0.960000 0.790000 0.860000
0.868000 0.960000 0.760000 0.860000
0.861500 0.960000 0.780000 0.860000
0.858500 0.960000 0.800000 0.850000
0.853500 0.960000 0.790000 0.840000
0.847000 0.960000 0.780000 0.850000
0.839750 0.960000 0.770000 0.840000
0.835250 0.960000 0.750000 0.830000
0.840750 0.960000 0.760000 0.840000
0.844500 0.960000 0.750000 0.850000
0.846500 0.960000 0.730000 0.850000
0.839000 0.960000 0.710000 0.850000
0.837250 0.960000 0.690000 0.830000
0.834000 0.960000 0.680000 0.830000
0.840250 0.960000 0.750000 0.840000
0.845250 0.960000 0.750000 0.840000
0.844250 0.960000 0.710000 0.840000
0.850500 0.960000 0.740000 0.850000
0.850750 0.960000 0.750000 0.860000
0.849500 0.960000 0.770000 0.860000
0.855500 0.960000 0.770000 0.850000
0.849750 0.960000 0.760000 0.840000
0.845500 0.960000 0.760000 0.850000
0.841500 0.960000 0.770000 0.840000
0.834250 0.960000 0.730000 0.840000
0.839750 0.960000 0.770000 0.830000
0.832500 0.960000 0.750000 0.830000
0.835000 0.960000 0.750000 0.830000
0.838250 0.960000 0.750000 0.820000
0.830500 0.960000 0.700000 0.840000
0.822750 0.960000 0.710000 0.820000
0.829750 0.960000 0.710000 0.830000
0.842000 0.960000 0.720000 0.840000
0.846750 0.960000 0.750000 0.850000
0.830750 0.960000 0.740000 0.840000
0.830750 0.960000 0.710000 0.830000
0.820750 0.960000 0.740000 0.810000
0.825000 0.960000 0.710000 0.820000
0.817750 0.960000 0.730000 0.810000
0.829250 0.960000 0.710000 0.820000
0.833500 0.960000 0.720000 0.840000
0.824750 0.960000 0.710000 0.820000
0.839000 0.960000 0.750000 0.830000
0.845500 0.960000 0.690000 0.850000
0.845750 0.960000 0.740000 0.850000
0.846500 0.960000 0.700000 0.830000
0.842500 0.960000 0.750000 0.840000
0.851250 0.960000 0.750000 0.860000
0.847500 0.960000 0.770000 0.860000
0.849500 0.960000 0.740000 0.850000
0.842500 0.960000 0.710000 0.850000
0.846000 0.960000 0.760000 0.840000
0.839250 0.960000 0.730000 0.840000
0.845250 0.960000 0.750000 0.840000
0.840500 0.960000 0.750000 0.840000
0.845500 0.960000 0.740000 0.840000
0.841000 0.960000 0.730000 0.840000
0.846000 0.960000 0.750000 0.840000
0.839500 0.960000 0.700000 0.840000
0.832500 0.960000 0.740000 0.830000
0.830500 0.960000 0.700000 0.820000
0.825500 0.960000 0.720000 0.820000
0.818750 0.960000 0.730000 0.820000
0.814250 0.960000 0.710000 0.800000
0.814750 0.960000 0.700000 0.810000
0.812750 0.960000 0.720000 0.810000
0.810500 0.960000 0.690000 0.810000
0.818750 0.960000 0.690000 0.820000
0.822000 0.960000 0.700000 0.820000
0.829250 0.960000 0.710000 0.830000
0.831750 0.960000 0.690000 0.830000
0.826000 0.960000 0.700000 0.840000
0.832000 0.960000 0.710000 0.830000
0.828250 0.960000 0.730000 0.830000
0.816250 0.960000 0.700000 0.810000
0.815500 0.960000 0.690000 0.810000
0.818500 0.960000 0.630000 0.810000
0.817750 0.960000 0.640000 0.820000
0.825500 0.960000 0.740000 0.830000
0.826000 0.960000 0.680000 0.820000
0.817250 0.960000 0.690000 0.810000
0.813250 0.960000 0.690000 0.810000
0.815000 0.960000 0.640000 0.810000
0.814500 0.960000 0.700000 0.810000
0.825750 0.970000 0.710000 0.810000
0.836500 0.970000 0.720000 0.830000
0.839000 0.970000 0.740000 0.830000
0.829750 0.970000 0.750000 0.830000
0.832000 0.970000 0.730000 0.830000
0.842500 0.970000 0.740000 0.830000
0.838000 0.970000 0.750000 0.820000
0.835500 0.970000 0.710000 0.850000
0.831500 0.970000 0.720000 0.830000
0.834000 0.970000 0.730000 0.840000
0.827000 0.970000 0.750000 0.820000
0.848000 0.970000 0.750000 0.840000
0.856750 0.970000 0.770000 0.850000
0.864250 0.970000 0.790000 0.860000
0.861250 0.970000 0.770000 0.860000
0.860000 0.970000 0.750000 0.870000
0.862500 0.970000 0.750000 0.870000
0.876000 0.970000 0.800000 0.880000
0.875250 0.970000 0.800000 0.870000
0.872250 0.970000 0.790000 0.870000
0.860500 0.970000 0.780000 0.850000
0.860000 0.970000 0.790000 0.860000
0.857750 0.970000 0.770000 0.860000
0.857500 0.970000 0.770000 0.860000
0.852250 0.970000 0.780000 0.850000
0.850000 0.970000 0.800000 0.840000
0.842000 0.970000 0.750000 0.830000
0.851750 0.970000 0.770000 0.850000
0.837500 0.970000 0.770000 0.830000
0.824000 0.970000 0.720000 0.810000
0.826250 0.970000 0.740000 0.810000
0.816250 0.970000 0.720000 0.800000
0.823750 0.970000 0.710000 0.840000
0.822750 0.970000 0.710000 0.820000
0.810500 0.970000 0.720000 0.810000
0.810500 0.970000 0.700000 0.810000
0.801500 0.970000 0.690000 0.790000
0.799750 0.970000 0.710000 0.780000
0.800500 0.970000 0.710000 0.780000
0.807000 0.970000 0.700000 0.790000
0.810250 0.970000 0.700000 0.790000
0.814500 0.970000 0.720000 0.790000
0.822750 0.970000 0.720000 0.820000
0.807500 0.970000 0.730000 0.800000
0.815750 0.970000 0.710000 0.810000
0.813250 0.970000 0.710000 0.810000
0.806250 0.970000 0.710000 0.810000
0.819750 0.970000 0.710000 0.800000
0.844500 0.970000 0.740000 0.840000
0.848500 0.970000 0.740000 0.860000
0.852250 0.970000 0.740000 0.850000
0.846750 0.980000 0.750000 0.840000
0.847000 0.980000 0.750000 0.840000
0.853750 0.980000 0.760000 0.850000
0.856000 0.980000 0.770000 0.850000
0.848000 0.980000 0.760000 0.840000
0.848250 0.980000 0.780000 0.840000
0.844500 0.980000 0.740000 0.830000
0.844250 0.980000 0.760000 0.840000
0.843000 0.980000 0.770000 0.840000
0.831250 0.980000 0.760000 0.830000
0.832000 0.980000 0.740000 0.820000
0.832000 0.980000 0.760000 0.830000
0.827000 0.980000 0.710000 0.820000
0.833500 0.980000 0.740000 0.820000
0.836250 0.980000 0.740000 0.830000
0.839000 0.980000 0.760000 0.840000
0.856500 0.980000 0.770000 0.850000
0.849000 0.980000 0.750000 0.850000
0.846500 0.980000 0.750000 0.840000
0.844500 0.980000 0.750000 0.830000
0.832000 0.980000 0.730000 0.830000
0.825000 0.980000 0.690000 0.830000
0.818500 0.980000 0.710000 0.810000
0.820250 0.980000 0.690000 0.810000
0.812000 0.980000 0.710000 0.800000
0.813750 0.980000 0.680000 0.810000
0.810250 0.980000 0.700000 0.800000
0.819750 0.980000 0.690000 0.810000
0.828250 0.980000 0.700000 0.810000
0.807000 0.980000 0.680000 0.800000
0.829250 0.980000 0.710000 0.840000
0.826500 0.980000 0.700000 0.820000
0.829250 0.980000 0.700000 0.830000
0.845000 0.980000 0.720000 0.830000
0.833000 0.980000 0.730000 0.830000
0.840250 0.980000 0.750000 0.830000
0.842500 0.980000 0.730000 0.840000
0.838500 0.980000 0.750000 0.830000
0.840000 0.980000 0.730000 0.830000
0.839250 0.980000 0.720000 0.830000
0.831500 0.980000 0.710000 0.820000
0.826500 0.980000 0.730000 0.820000
0.827500 0.980000 0.700000 0.830000
0.832500 0.980000 0.740000 0.820000
0.854250 0.980000 0.710000 0.850000
0.850250 0.980000 0.740000 0.840000
0.855000 0.980000 0.770000 0.850000
0.865000 0.980000 0.740000 0.860000
0.869250 0.980000 0.780000 0.870000
0.861750 0.980000 0.750000 0.860000
0.865750 0.980000 0.780000 0.860000
0.854750 0.980000 0.770000 0.860000
0.855750 0.980000 0.760000 0.860000
0.865500 0.980000 0.770000 0.870000
0.868250 0.990000 0.780000 0.860000
0.857250 0.990000 0.770000 0.850000
0.860250 0.990000 0.780000 0.850000
0.868000 0.990000 0.770000 0.870000
0.861500 0.990000 0.780000 0.850000
0.859750 0.990000 0.780000 0.850000
0.853500 0.990000 0.750000 0.850000
0.856750 0.990000 0.740000 0.840000
0.859000 0.990000 0.730000 0.840000
0.852500 0.990000 0.730000 0.840000
0.848500 0.990000 0.710000 0.840000
0.837000 0.990000 0.700000 0.830000
0.850500 0.990000 0.700000 0.850000
0.840750 0.990000 0.690000 0.840000
0.844750 0.990000 0.700000 0.850000
0.862000 0.990000 0.780000 0.860000
0.854750 0.990000 0.760000 0.850000
0.844250 0.990000 0.780000 0.840000
0.848250 0.990000 0.760000 0.840000
0.853000 0.990000 0.780000 0.850000
0.865250 0.990000 0.760000 0.860000
0.868000 0.990000 0.760000 0.860000
0.863250 0.990000 0.750000 0.860000
0.863500 0.990000 0.760000 0.860000
0.858250 0.990000 0.750000 0.860000
0.857250 0.990000 0.760000 0.850000
0.852000 0.990000 0.730000 0.850000
0.849250 0.990000 0.730000 0.850000
0.850000 0.990000 0.740000 0.850000
0.852250 0.990000 0.750000 0.860000
0.843500 0.990000 0.740000 0.850000
0.832750 0.990000 0.730000 0.830000
0.844000 0.990000 0.720000 0.840000
0.834750 0.990000 0.760000 0.820000
0.838250 0.990000 0.750000 0.830000
0.845500 0.990000 0.740000 0.840000
0.848750 0.990000 0.750000 0.840000
0.850500 0.990000 0.740000 0.840000
0.858500 0.990000 0.760000 0.850000
0.855000 0.990000 0.770000 0.850000
0.848250 0.990000 0.760000 0.840000
0.850000 0.990000 0.740000 0.840000
0.847000 0.990000 0.720000 0.850000
0.853750 0.990000 0.750000 0.840000
0.848250 0.990000 0.750000 0.840000
0.843250 0.990000 0.740000 0.840000
0.841250 0.990000 0.730000 0.830000
0.851500 0.990000 0.760000 0.840000
0.856250 0.990000 0.700000 0.840000
0.864250 0.990000 0.760000 0.860000
0.868750 0.990000 0.720000 0.870000
0.877250 0.990000 0.760000 0.880000
0.873250 0.990000 0.750000 0.880000
0.869250 0.990000 0.760000 0.870000
0.867250 0.990000 0.740000 0.860000
0.864750 0.990000 0.710000 0.870000
0.872250 0.990000 0.770000 0.860000
0.871000 0.990000 0.750000 0.870000
0.868000 0.990000 0.760000 0.860000
0.860500 0.990000 0.790000 0.860000
0.862000 0.990000 0.820000 0.850000
0.855250 0.990000 0.800000 0.850000
0.851750 0.990000 0.760000 0.850000
0.855500 0.990000 0.790000 0.850000
0.855250 0.990000 0.790000 0.850000
0.860250 0.990000 0.770000 0.850000
0.859750 0.990000 0.770000 0.860000
0.855500 0.990000 0.780000 0.850000
0.845500 0.990000 0.740000 0.840000
0.854750 0.990000 0.730000 0.840000
0.844500 0.990000 0.730000 0.830000
0.867250 0.990000 0.720000 0.860000
0.854500 0.990000 0.750000 0.850000
0.855500 0.990000 0.740000 0.850000
0.855500 0.990000 0.740000 0.840000
0.861250 0.990000 0.770000 0.850000
0.877750 0.990000 0.750000 0.880000
0.869250 0.990000 0.740000 0.880000
0.856250 0.990000 0.770000 0.850000
0.853500 0.990000 0.760000 0.850000
0.853750 0.990000 0.770000 0.850000
0.845750 0.990000 0.750000 0.840000
0.845750 0.990000 0.760000 0.850000
0.828500 0.990000 0.740000 0.830000
0.830250 0.990000 0.760000 0.820000
0.823750 0.990000 0.730000 0.820000
0.808750 0.990000 0.710000 0.800000
0.803750 0.990000 0.730000 0.800000
0.799750 0.990000 0.670000 0.780000
0.798750 0.990000 0.680000 0.780000
0.805750 0.990000 0.680000 0.800000
0.816500 0.990000 0.700000 0.800000
0.819500 0.990000 0.720000 0.810000
0.830000 0.990000 0.690000 0.830000
0.838250 0.990000 0.700000 0.830000
0.833000 0.990000 0.720000 0.840000
0.826000 0.990000 0.720000 0.820000
0.821250 0.990000 0.710000 0.810000
0.832750 0.990000 0.730000 0.830000
0.829000 0.990000 0.730000 0.820000
0.824500 0.990000 0.720000 0.830000
0.831000 0.990000 0.730000 0.830000
0.830250 0.990000 0.720000 0.820000
0.836750 0.990000 0.720000 0.840000
0.844000 0.990000 0.700000 0.830000
0.862500 0.990000 0.660000 0.850000
0.863250 0.990000 0.690000 0.870000
0.859500 0.990000 0.720000 0.860000
0.851250 0.990000 0.730000 0.840000
0.871000 0.990000 0.790000 0.870000
0.860750 0.990000 0.790000 0.860000
0.866000 0.990000 0.770000 0.850000
0.855500 0.990000 0.770000 0.840000
0.857000 0.990000 0.770000 0.860000
0.846750 0.990000 0.740000 0.830000
0.835500 0.990000 0.760000 0.820000
0.836750 0.990000 0.760000 0.820000
0.835000 0.990000 0.730000 0.830000
0.843500 0.990000 0.750000 0.830000
0.843500 0.990000 0.770000 0.830000
0.857000 0.990000 0.750000 0.840000
0.852250 0.990000 0.730000 0.840000
0.847500 0.990000 0.730000 0.840000
0.855750 0.990000 0.740000 0.860000
0.860250 0.990000 0.760000 0.870000
0.851750 0.990000 0.740000 0.840000
0.848750 0.990000 0.740000 0.850000
0.829750 0.990000 0.740000 0.820000
0.835250 0.990000 0.720000 0.840000
0.832750 0.990000 0.720000 0.820000
0.845750 0.990000 0.720000 0.830000
0.846500 0.990000 0.760000 0.820000
0.846750 0.990000 0.720000 0.830000
0.860250 0.990000 0.750000 0.850000
0.855500 0.990000 0.760000 0.850000
0.848000 0.990000 0.750000 0.840000
0.864750 0.990000 0.750000 0.870000
0.867000 0.990000 0.730000 0.870000
0.864000 0.990000 0.770000 0.860000
0.865000 0.990000 0.790000 0.860000
0.865250 0.990000 0.760000 0.850000
0.870250 0.990000 0.780000 0.870000
0.873500 0.990000 0.770000 0.870000
0.865500 0.990000 0.730000 0.870000
0.871500 0.990000 0.760000 0.860000
0.855000 0.990000 0.760000 0.840000
0.850500 0.990000 0.750000 0.850000
0.850250 0.990000 0.750000 0.850000
0.846500 0.990000 0.710000 0.860000
0.831500 0.990000 0.700000 0.840000
0.819000 0.990000 0.690000 0.810000
0.819750 0.990000 0.740000 0.820000
0.820000 0.990000 0.720000 0.810000
0.821000 0.990000 0.740000 0.810000
0.827000 0.990000 0.700000 0.830000
0.823000 0.990000 0.730000 0.820000
0.833250 0.990000 0.730000 0.830000
0.832000 0.990000 0.760000 0.820000
0.829250 0.990000 0.760000 0.820000
0.835250 0.990000 0.740000 0.820000
0.831250 0.990000 0.750000 0.820000
0.834000 0.990000 0.740000 0.830000
0.832500 0.990000 0.750000 0.830000
0.818250 0.990000 0.710000 0.820000
0.814000 0.990000 0.700000 0.810000
0.805000 0.990000 0.750000 0.790000
0.795000 0.990000 0.700000 0.790000
0.791250 0.990000 0.710000 0.780000
0.778500 0.990000 0.670000 0.770000
0.784500 0.990000 0.680000 0.770000
0.786000 0.990000 0.670000 0.780000
0.788750 0.990000 0.660000 0.770000
0.798750 0.990000 0.680000 0.790000
0.820500 0.990000 0.690000 0.790000
0.818500 0.990000 0.670000 0.810000
0.811250 0.990000 0.670000 0.810000
0.816250 0.990000 0.660000 0.810000
0.817500 0.990000 0.680000 0.810000
0.805250 0.990000 0.650000 0.800000
0.815750 0.990000 0.660000 0.800000
0.828750 0.990000 0.720000 0.830000
0.849500 0.990000 0.650000 0.840000
0.841750 0.990000 0.750000 0.830000
0.855250 0.990000 0.770000 0.850000
0.839500 0.990000 0.760000 0.830000
0.828750 0.990000 0.740000 0.810000
0.826000 0.990000 0.720000 0.820000
0.830750 0.990000 0.700000 0.830000
0.838000 0.990000 0.730000 0.830000
0.819500 0.990000 0.700000 0.810000
0.814500 0.990000 0.700000 0.800000
0.811250 0.990000 0.700000 0.800000
0.823250 0.990000 0.720000 0.810000
0.836750 0.990000 0.720000 0.830000
0.840000 0.990000 0.750000 0.830000
0.822000 0.990000 0.730000 0.810000
0.823500 0.990000 0.720000 0.820000
0.809500 0.990000 0.730000 0.800000
0.810500 0.990000 0.720000 0.800000
0.824000 0.990000 0.750000 0.820000
0.830250 0.990000 0.730000 0.830000
0.824000 0.990000 0.740000 0.820000
0.833750 0.990000 0.750000 0.830000
0.832250 0.990000 0.750000 0.820000
0.837000 0.990000 0.720000 0.820000
0.828250 0.990000 0.680000 0.820000
0.829250 0.990000 0.710000 0.820000
0.830750 0.990000 0.740000 0.830000
0.824250 0.990000 0.730000 0.810000
0.829250 0.990000 0.730000 0.820000
0.831250 0.990000 0.710000 0.820000
0.819500 0.990000 0.700000 0.810000
0.824250 0.990000 0.710000 0.820000
0.815750 0.990000 0.710000 0.810000
0.821000 0.990000 0.730000 0.830000
0.818000 0.990000 0.710000 0.830000
0.815250 0.990000 0.720000 0.810000
0.842500 0.990000 0.750000 0.820000
0.836750 0.990000 0.710000 0.840000
0.841750 0.990000 0.700000 0.830000
0.841000 0.990000 0.690000 0.820000
0.851250 0.990000 0.750000 0.840000
0.849000 0.990000 0.710000 0.840000
0.850250 0.990000 0.760000 0.830000
0.839500 0.990000 0.720000 0.820000
0.849750 0.990000 0.740000 0.840000
0.859250 0.990000 0.760000 0.850000
0.864750 0.990000 0.740000 0.860000
0.862000 0.990000 0.770000 0.850000
0.853000 0.990000 0.750000 0.860000
0.855250 0.990000 0.710000 0.860000
0.864000 0.990000 0.790000 0.860000
0.863750 0.990000 0.760000 0.850000
0.872250 0.990000 0.760000 0.870000
0.876750 0.990000 0.780000 0.880000
0.881500 0.990000 0.760000 0.870000
0.886500 0.990000 0.810000 0.890000
0.885000 0.990000 0.800000 0.880000
0.883250 0.990000 0.790000 0.880000
0.887500 0.990000 0.830000 0.880000
0.887750 0.990000 0.780000 0.890000
0.882000 0.990000 0.780000 0.880000
0.874500 0.990000 0.750000 0.870000
0.881250 0.990000 0.780000 0.870000
0.871500 0.990000 0.800000 0.860000
0.864750 0.990000 0.810000 0.860000
0.854500 0.990000 0.770000 0.840000
0.864250 0.990000 0.780000 0.860000
0.884250 0.990000 0.780000 0.880000
0.880750 0.990000 0.820000 0.870000
0.875000 0.990000 0.810000 0.870000
0.872750 0.990000 0.810000 0.870000
0.866000 0.990000 0.780000 0.860000
0.868750 0.990000 0.780000 0.860000
0.871250 0.990000 0.800000 0.870000
0.861500 0.990000 0.800000 0.860000
0.862500 0.990000 0.800000 0.860000
0.865250 0.990000 0.820000 0.860000
0.861750 0.990000 0.800000 0.860000
0.862750 0.990000 0.780000 0.850000
0.871250 0.990000 0.770000 0.870000
0.867000 0.990000 0.760000 0.860000
0.863250 0.990000 0.800000 0.870000
0.858000 0.990000 0.780000 0.860000
0.850500 0.990000 0.780000 0.840000
0.843250 0.990000 0.790000 0.840000
0.851750 0.990000 0.770000 0.850000
0.842250 0.990000 0.730000 0.840000
0.855500 0.990000 0.760000 0.840000
0.860750 0.990000 0.780000 0.850000
0.853000 0.990000 0.740000 0.850000
0.861500 0.990000 0.770000 0.850000
0.863500 0.990000 0.760000 0.850000
0.862250 0.990000 0.760000 0.850000
0.858000 0.990000 0.770000 0.850000
0.856250 0.990000 0.730000 0.850000
0.851000 0.990000 0.720000 0.850000
0.846250 0.990000 0.740000 0.850000
0.858750 0.990000 0.740000 0.860000
0.863500 0.990000 0.780000 0.860000
0.854500 0.990000 0.740000 0.850000
0.845500 0.990000 0.750000 0.840000
0.848000 0.990000 0.770000 0.840000
0.852500 0.990000 0.760000 0.840000
0.851750 0.990000 0.740000 0.850000
0.860250 0.990000 0.770000 0.860000
0.867500 0.990000 0.760000 0.870000
0.878000 0.990000 0.720000 0.890000
0.873750 0.990000 0.740000 0.880000
0.885500 0.990000 0.750000 0.890000
0.874000 0.990000 0.770000 0.870000
0.869000 0.990000 0.760000 0.870000
0.874250 0.990000 0.780000 0.870000
0.865000 0.990000 0.790000 0.860000
0.864250 0.990000 0.780000 0.870000
0.863750 0.990000 0.780000 0.870000
0.855500 0.990000 0.770000 0.850000
0.859750 0.990000 0.740000 0.850000
0.853250 0.990000 0.720000 0.860000
0.847500 0.990000 0.710000 0.860000
0.834250 0.990000 0.700000 0.830000
0.850500 0.990000 0.760000 0.850000
0.851750 0.990000 0.750000 0.830000
0.854250 0.990000 0.750000 0.850000
0.868750 0.990000 0.790000 0.860000
0.874750 0.990000 0.790000 0.860000
0.879750 0.990000 0.790000 0.880000
0.881250 0.990000 0.800000 0.880000
0.862750 0.990000 0.780000 0.870000
0.862750 0.990000 0.770000 0.860000
0.847750 0.990000 0.750000 0.850000
0.850000 0.990000 0.760000 0.840000
0.843250 0.990000 0.740000 0.840000
0.839000 0.990000 0.750000 0.830000
0.850000 0.990000 0.720000 0.850000
0.846500 0.990000 0.710000 0.840000
0.848500 0.990000 0.740000 0.830000
0.838250 0.990000 0.710000 0.840000
0.842750 0.990000 0.730000 0.830000
0.856250 0.990000 0.730000 0.840000
0.858750 0.990000 0.770000 0.860000
0.843000 0.990000 0.740000 0.830000
0.846750 0.990000 0.760000 0.830000
0.847250 0.990000 0.760000 0.830000
0.852000 0.990000 0.750000 0.840000
0.856500 0.990000 0.770000 0.830000
0.843500 0.990000 0.740000 0.830000
0.855750 0.990000 0.730000 0.840000
0.858500 0.990000 0.710000 0.850000
0.868250 0.990000 0.690000 0.870000
0.856250 0.990000 0.730000 0.860000
0.871500 0.990000 0.770000 0.870000
0.888250 0.990000 0.770000 0.880000
0.889250 0.990000 0.760000 0.890000
0.888250 0.990000 0.790000 0.880000
0.886750 0.990000 0.770000 0.900000
0.895500 0.990000 0.790000 0.890000
0.890750 0.990000 0.800000 0.890000
0.892250 0.990000 0.810000 0.890000
0.891500 0.990000 0.810000 0.890000
0.891750 0.990000 0.780000 0.890000
0.880750 0.990000 0.790000 0.870000
0.880250 0.990000 0.780000 0.870000
0.876750 0.990000 0.790000 0.870000
0.875750 0.990000 0.760000 0.870000
0.869500 0.990000 0.720000 0.870000
0.869750 0.990000 0.750000 0.870000
0.859250 0.990000 0.750000 0.840000
0.843000 0.990000 0.740000 0.830000
0.853750 0.990000 0.720000 0.840000
0.858250 0.990000 0.700000 0.850000
0.862750 0.990000 0.770000 0.860000
0.865250 0.990000 0.750000 0.860000
0.862250 0.990000 0.770000 0.860000
0.857500 0.990000 0.750000 0.850000
0.867250 0.990000 0.730000 0.870000
0.868500 0.990000 0.770000 0.860000
0.857500 0.990000 0.770000 0.840000
0.865500 0.990000 0.790000 0.860000
0.872250 0.990000 0.780000 0.870000
0.866000 0.990000 0.770000 0.860000
0.860250 0.990000 0.740000 0.860000
0.867000 0.990000 0.790000 0.860000
0.864500 0.990000 0.790000 0.860000
0.862250 0.990000 0.760000 0.860000
0.870250 0.990000 0.760000 0.870000
0.878500 0.990000 0.790000 0.880000
0.877750 0.990000 0.800000 0.880000
0.871250 0.990000 0.790000 0.860000
0.883000 0.990000 0.820000 0.880000
0.887000 0.990000 0.760000 0.890000
0.878750 0.990000 0.790000 0.880000
0.881500 0.990000 0.800000 0.880000
0.885500 0.990000 0.790000 0.880000
0.870250 0.990000 0.770000 0.860000
0.866500 0.990000 0.790000 0.860000
0.872500 0.990000 0.790000 0.870000
0.869500 0.990000 0.790000 0.870000
0.862750 0.990000 0.790000 0.860000
0.857250 0.990000 0.780000 0.850000
0.859750 0.990000 0.770000 0.860000
0.854500 0.990000 0.750000 0.850000
0.865000 0.990000 0.770000 0.860000
0.873250 0.990000 0.790000 0.850000
0.884500 0.990000 0.800000 0.880000
0.872750 0.990000 0.790000 0.870000
0.862000 0.990000 0.780000 0.860000
0.855250 0.990000 0.770000 0.850000
0.856750 0.990000 0.790000 0.850000
0.845250 0.990000 0.770000 0.840000
0.835250 0.990000 0.760000 0.830000
0.836250 0.990000 0.770000 0.830000
0.834250 0.990000 0.730000 0.830000
0.839250 0.990000 0.730000 0.830000
0.833250 0.990000 0.730000 0.820000
0.842750 0.990000 0.740000 0.830000
0.846500 0.990000 0.710000 0.840000
0.854000 0.990000 0.760000 0.840000
0.848750 0.990000 0.750000 0.840000
0.841500 0.990000 0.720000 0.840000
0.840250 0.990000 0.720000 0.840000
0.822250 0.990000 0.690000 0.820000
0.829000 0.990000 0.710000 0.820000
0.844250 0.990000 0.760000 0.840000
0.836000 0.990000 0.760000 0.820000
0.846000 0.990000 0.740000 0.850000
0.847250 0.990000 0.750000 0.850000
0.848750 0.990000 0.710000 0.850000
0.861500 0.990000 0.780000 0.870000
0.857000 0.990000 0.780000 0.860000
0.852500 0.990000 0.760000 0.850000
0.845750 0.990000 0.740000 0.840000
0.853250 0.990000 0.730000 0.840000
0.855250 0.990000 0.730000 0.850000
0.846750 0.990000 0.730000 0.840000
0.833250 0.990000 0.730000 0.830000
0.847750 0.990000 0.730000 0.840000
0.854500 0.990000 0.730000 0.830000
0.843500 0.990000 0.780000 0.830000
0.849250 0.990000 0.740000 0.840000
0.841250 0.990000 0.700000 0.840000
0.846000 0.990000 0.760000 0.840000
0.841500 0.990000 0.740000 0.820000
0.847250 0.990000 0.700000 0.850000
0.849500 0.990000 0.710000 0.850000
0.838750 0.990000 0.710000 0.830000
0.838000 0.990000 0.730000 0.840000
0.835500 0.990000 0.750000 0.820000
0.830500 0.990000 0.700000 0.830000
0.823500 0.990000 0.700000 0.810000
0.818250 0.990000 0.730000 0.810000
0.815750 0.990000 0.720000 0.810000
0.823000 0.990000 0.730000 0.810000
0.823750 0.990000 0.730000 0.820000
0.822250 0.990000 0.700000 0.820000
0.805750 0.990000 0.680000 0.810000
0.789000 0.990000 0.690000 0.790000
0.794250 0.990000 0.670000 0.790000
0.807500 0.990000 0.680000 0.810000
0.809500 0.990000 0.680000 0.800000
0.822000 0.990000 0.700000 0.800000
0.834500 0.990000 0.720000 0.810000
0.830750 0.990000 0.730000 0.810000
0.824500 0.990000 0.720000 0.830000
0.829000 0.990000 0.710000 0.820000
0.833500 0.990000 0.710000 0.840000
0.840500 0.990000 0.710000 0.830000
0.852500 0.990000 0.730000 0.850000
0.852000 0.990000 0.710000 0.840000
0.851750 0.990000 0.760000 0.850000
0.852000 0.990000 0.730000 0.860000
0.846000 0.990000 0.720000 0.840000
0.845250 0.990000 0.690000 0.840000
0.843000 0.990000 0.690000 0.840000
0.846500 0.990000 0.730000 0.840000
0.848500 0.990000 0.770000 0.840000
0.847500 0.990000 0.760000 0.830000
0.836250 0.990000 0.750000 0.840000
0.841250 0.990000 0.720000 0.840000
0.847000 0.990000 0.740000 0.850000
0.839250 0.990000 0.740000 0.840000
0.838750 0.990000 0.750000 0.830000
0.836500 0.990000 0.760000 0.840000
0.838750 0.990000 0.760000 0.830000
0.838500 0.990000 0.740000 0.830000
0.844750 0.990000 0.750000 0.840000
0.840500 0.990000 0.730000 0.840000
0.849000 0.990000 0.740000 0.840000
0.839000 0.990000 0.730000 0.830000
0.837000 0.990000 0.710000 0.840000
0.837750 0.990000 0.720000 0.840000
0.825500 0.990000 0.680000 0.820000
0.837250 0.990000 0.650000 0.840000
0.832250 0.990000 0.670000 0.830000
0.833750 0.990000 0.670000 0.830000
0.840000 0.990000 0.710000 0.830000
0.853000 0.990000 0.660000 0.850000
0.848750 0.990000 0.690000 0.840000
0.863000 0.990000 0.750000 0.860000
0.862250 0.990000 0.700000 0.860000
0.863250 0.990000 0.680000 0.870000
0.869250 0.990000 0.660000 0.870000
0.868750 0.990000 0.760000 0.870000
0.874500 0.990000 0.730000 0.870000
0.879750 0.990000 0.800000 0.870000
0.881250 0.990000 0.810000 0.880000
0.874000 0.990000 0.770000 0.870000
0.881250 0.990000 0.820000 0.870000
0.887000 0.990000 0.790000 0.870000
0.879500 0.990000 0.780000 0.870000
0.870000 0.990000 0.810000 0.870000
0.866250 0.990000 0.780000 0.870000
0.865250 0.990000 0.770000 0.870000
0.864750 0.990000 0.780000 0.870000
0.863750 0.990000 0.770000 0.860000
0.864250 0.990000 0.760000 0.860000
0.862000 0.990000 0.790000 0.860000
0.856500 0.990000 0.800000 0.850000
0.850750 0.990000 0.800000 0.840000
0.847000 0.990000 0.780000 0.830000
0.830250 0.990000 0.760000 0.830000
0.817750 0.990000 0.740000 0.810000
0.827500 0.990000 0.740000 0.810000
0.828250 0.990000 0.720000 0.810000
0.827000 0.990000 0.740000 0.800000
0.841750 0.990000 0.750000 0.820000
0.842750 0.990000 0.740000 0.840000
0.848500 0.990000 0.710000 0.850000
0.844250 0.990000 0.730000 0.840000
0.856750 0.990000 0.730000 0.870000
0.847000 0.990000 0.770000 0.850000
0.849000 0.990000 0.770000 0.850000
0.854250 0.990000 0.760000 0.850000
0.852000 0.990000 0.760000 0.850000
0.842750 0.990000 0.780000 0.840000
0.837500 0.990000 0.750000 0.840000
0.843250 0.990000 0.740000 0.830000
0.847750 0.990000 0.740000 0.850000
0.856250 0.990000 0.760000 0.860000
0.856500 0.990000 0.760000 0.850000
0.865250 0.990000 0.760000 0.860000
0.867500 0.990000 0.750000 0.850000
0.871500 0.990000 0.740000 0.870000
0.874000 0.990000 0.720000 0.880000
0.871500 0.990000 0.770000 0.870000
0.868000 0.990000 0.770000 0.870000
0.853250 0.990000 0.750000 0.850000
0.851500 0.990000 0.750000 0.840000
0.852250 0.990000 0.740000 0.850000
0.847750 0.990000 0.720000 0.840000
0.854250 0.990000 0.750000 0.840000
0.838500 0.990000 0.740000 0.830000
0.850000 0.990000 0.750000 0.860000
0.851500 0.990000 0.740000 0.850000
0.843000 0.990000 0.720000 0.850000
0.852500 0.990000 0.710000 0.860000
0.844250 0.990000 0.720000 0.860000
0.847000 0.990000 0.710000 0.850000
0.839500 0.990000 0.730000 0.840000
0.839750 0.990000 0.740000 0.840000
0.831000 0.990000 0.730000 0.820000
0.820250 0.990000 0.720000 0.830000
0.826500 0.990000 0.720000 0.830000
0.837500 0.990000 0.710000 0.840000
0.837500 0.990000 0.740000 0.830000
0.847000 0.990000 0.720000 0.840000
0.855000 0.990000 0.730000 0.850000
0.847000 0.990000 0.730000 0.840000
0.842250 0.990000 0.700000 0.830000
0.850500 0.990000 0.780000 0.850000
0.868500 0.990000 0.710000 0.870000
0.877250 0.990000 0.720000 0.870000
0.875000 0.990000 0.770000 0.870000
0.878000 0.990000 0.750000 0.870000
0.900500 0.990000 0.820000 0.890000
0.892750 0.990000 0.810000 0.890000
0.878500 0.990000 0.770000 0.880000
0.882750 0.990000 0.760000 0.890000
0.878750 0.990000 0.760000 0.880000
0.871750 0.990000 0.740000 0.870000
0.858750 0.990000 0.730000 0.870000
0.858750 0.990000 0.710000 0.870000
0.859750 0.990000 0.720000 0.870000
0.848250 0.990000 0.730000 0.860000
0.863500 0.990000 0.700000 0.860000
0.877250 0.990000 0.760000 0.870000
0.874000 0.990000 0.770000 0.870000
0.884000 0.990000 0.790000 0.870000
0.887250 0.990000 0.790000 0.870000
0.884750 0.990000 0.730000 0.880000
0.877000 0.990000 0.740000 0.870000
0.865750 0.990000 0.730000 0.860000
0.859250 0.990000 0.750000 0.850000
0.859250 0.990000 0.750000 0.870000
0.851500 0.990000 0.720000 0.860000
0.852250 0.990000 0.720000 0.860000
0.852250 0.990000 0.730000 0.860000
0.838500 0.990000 0.700000 0.840000
0.852250 0.990000 0.730000 0.860000
0.860500 0.990000 0.730000 0.860000
0.854250 0.990000 0.680000 0.850000
0.857750 0.990000 0.670000 0.850000
0.882250 0.990000 0.770000 0.880000
0.872250 0.990000 0.780000 0.860000
0.863000 0.990000 0.780000 0.860000
0.863500 0.990000 0.760000 0.850000
0.862500 0.990000 0.750000 0.860000
0.858500 0.990000 0.770000 0.860000
0.854500 0.990000 0.780000 0.850000
0.846250 0.990000 0.780000 0.830000
0.846750 0.990000 0.780000 0.840000
0.838250 0.990000 0.730000 0.840000
0.839250 0.990000 0.730000 0.830000
0.829250 0.990000 0.740000 0.820000
0.829250 0.990000 0.730000 0.840000
0.819000 0.990000 0.740000 0.810000
0.817000 0.990000 0.710000 0.820000
0.818750 0.990000 0.700000 0.810000
0.805500 0.990000 0.710000 0.790000
0.816500 0.990000 0.700000 0.810000
0.822250 0.990000 0.740000 0.810000
0.833500 0.990000 0.730000 0.810000
0.827250 0.990000 0.730000 0.810000
0.823000 0.990000 0.720000 0.810000
0.819500 0.990000 0.690000 0.820000
0.836500 0.990000 0.700000 0.820000
0.839500 0.990000 0.770000 0.820000
0.840750 0.990000 0.750000 0.830000
0.834750 0.990000 0.750000 0.830000
0.820250 0.990000 0.720000 0.820000
0.830000 0.990000 0.750000 0.810000
0.814500 0.990000 0.680000 0.800000
0.822250 0.990000 0.710000 0.810000
0.837750 0.990000 0.740000 0.820000
0.841500 0.990000 0.730000 0.830000
0.842250 0.990000 0.720000 0.840000
0.841500 0.990000 0.750000 0.840000
0.832250 0.990000 0.730000 0.830000
0.845500 0.990000 0.730000 0.840000
0.825750 0.990000 0.710000 0.820000
0.834500 0.990000 0.750000 0.840000
0.831500 0.990000 0.740000 0.820000
0.829000 0.990000 0.730000 0.830000
0.842250 0.990000 0.730000 0.830000
0.846750 0.990000 0.720000 0.840000
0.853750 0.990000 0.740000 0.850000
0.850250 0.990000 0.720000 0.850000
0.854250 0.990000 0.730000 0.860000
0.846000 0.990000 0.730000 0.840000
0.855000 0.990000 0.750000 0.850000
0.852750 0.990000 0.760000 0.850000
0.860000 0.990000 0.780000 0.850000
0.856250 0.990000 0.770000 0.850000
0.871000 0.990000 0.760000 0.860000
0.873500 0.990000 0.750000 0.870000
0.881000 0.990000 0.780000 0.870000
0.879000 0.990000 0.770000 0.880000
0.876750 0.990000 0.770000 0.880000
0.888750 0.990000 0.800000 0.880000
0.903500 0.990000 0.790000 0.910000
0.898000 0.990000 0.780000 0.900000
0.894500 0.990000 0.770000 0.890000
0.896000 0.990000 0.780000 0.900000
0.881500 0.990000 0.750000 0.890000
0.879000 0.990000 0.760000 0.880000
0.859500 0.990000 0.750000 0.860000
0.872750 0.990000 0.710000 0.870000
0.874000 0.990000 0.780000 0.870000
0.882750 0.990000 0.790000 0.880000
0.881250 0.990000 0.800000 0.880000
0.884500 0.990000 0.800000 0.880000
0.877000 0.990000 0.790000 0.870000
0.880750 0.990000 0.780000 0.890000
0.879000 0.990000 0.790000 0.870000
0.876000 0.990000 0.770000 0.880000
0.869250 0.990000 0.760000 0.870000
0.869500 0.990000 0.770000 0.870000
0.861750 0.990000 0.750000 0.860000
0.856250 0.990000 0.780000 0.850000
0.870250 0.990000 0.790000 0.860000
0.857500 0.990000 0.770000 0.840000
0.855750 0.990000 0.760000 0.860000
0.862750 0.990000 0.750000 0.860000
0.868750 0.990000 0.700000 0.870000
0.874000 0.990000 0.750000 0.880000
0.867500 0.990000 0.740000 0.870000
0.863250 0.990000 0.730000 0.860000
0.862500 0.990000 0.740000 0.850000
0.864250 0.990000 0.760000 0.870000
0.857750 0.990000 0.770000 0.860000
0.863750 0.990000 0.760000 0.870000
0.864750 0.990000 0.770000 0.870000
0.871750 0.990000 0.770000 0.870000
0.873500 0.990000 0.780000 0.860000
0.866250 0.990000 0.790000 0.860000
0.855500 0.990000 0.790000 0.850000
0.856750 0.990000 0.780000 0.840000
0.866500 0.990000 0.790000 0.850000
0.871500 0.990000 0.780000 0.860000
0.867250 0.990000 0.740000 0.860000
0.870500 0.990000 0.740000 0.860000
0.876000 0.990000 0.780000 0.870000
0.867500 0.990000 0.750000 0.860000
0.877250 0.990000 0.760000 0.880000
0.866750 0.990000 0.770000 0.870000
0.872500 0.990000 0.750000 0.870000
0.857750 0.990000 0.730000 0.860000
0.857750 0.990000 0.680000 0.860000
0.859250 1.000000 0.740000 0.860000
