0.509250 0.600000 0.420000 0.510000
0.532750 0.610000 0.400000 0.530000
0.549500 0.630000 0.470000 0.550000
0.576250 0.640000 0.500000 0.570000
0.600000 0.670000 0.510000 0.600000
0.615500 0.710000 0.560000 0.610000
0.632000 0.710000 0.570000 0.630000
0.645250 0.710000 0.580000 0.640000
0.657250 0.720000 0.620000 0.650000
0.669500 0.720000 0.610000 0.660000
0.686250 0.740000 0.620000 0.690000
0.696000 0.740000 0.630000 0.690000
0.705250 0.740000 0.670000 0.700000
0.711000 0.750000 0.650000 0.710000
0.715250 0.760000 0.650000 0.720000
0.724250 0.780000 0.670000 0.720000
0.732000 0.780000 0.650000 0.730000
0.743250 0.780000 0.690000 0.740000
0.745750 0.800000 0.710000 0.740000
0.754750 0.800000 0.700000 0.760000
0.759250 0.800000 0.720000 0.760000
0.767250 0.810000 0.710000 0.770000
0.780250 0.820000 0.740000 0.780000
0.784250 0.830000 0.740000 0.780000
0.797500 0.840000 0.750000 0.790000
0.797750 0.840000 0.760000 0.800000
0.804500 0.840000 0.750000 0.810000
0.809500 0.840000 0.750000 0.810000
0.810000 0.850000 0.760000 0.810000
0.813750 0.850000 0.760000 0.810000
0.819250 0.850000 0.780000 0.810000
0.825000 0.860000 0.770000 0.830000
0.829500 0.870000 0.780000 0.830000
0.838250 0.880000 0.810000 0.830000
0.842250 0.880000 0.780000 0.840000
0.858750 0.890000 0.800000 0.860000
0.865500 0.900000 0.810000 0.870000
0.869250 0.910000 0.840000 0.870000
0.871000 0.910000 0.820000 0.870000
0.874750 0.920000 0.840000 0.880000
0.873500 0.920000 0.820000 0.870000
0.883750 0.920000 0.830000 0.880000
0.888750 0.920000 0.850000 0.890000
0.895500 0.920000 0.860000 0.890000
0.896500 0.920000 0.860000 0.900000
0.902750 0.920000 0.860000 0.910000
0.901500 0.930000 0.870000 0.900000
0.901000 0.930000 0.870000 0.900000
0.904500 0.940000 0.870000 0.900000
0.900500 0.940000 0.860000 0.900000
0.902000 0.940000 0.850000 0.900000
0.903750 0.940000 0.830000 0.900000
0.914000 0.950000 0.860000 0.920000
0.918500 0.950000 0.860000 0.920000
0.923250 0.950000 0.880000 0.920000
0.928750 0.960000 0.890000 0.930000
0.929000 0.960000 0.890000 0.930000
0.930500 0.960000 0.890000 0.930000
0.930000 0.960000 0.880000 0.930000
0.934250 0.960000 0.900000 0.930000
0.934750 0.970000 0.910000 0.930000
0.936250 0.970000 0.900000 0.940000
0.938750 0.970000 0.890000 0.940000
0.940500 0.970000 0.900000 0.940000
0.942250 0.970000 0.910000 0.940000
0.942500 0.970000 0.920000 0.940000
0.941500 0.970000 0.920000 0.940000
0.940250 0.970000 0.900000 0.940000
0.943500 0.980000 0.910000 0.940000
0.949250 0.990000 0.910000 0.950000
0.957000 0.990000 0.920000 0.960000
0.956250 0.990000 0.900000 0.960000
0.960000 0.990000 0.920000 0.960000
0.962250 0.990000 0.900000 0.960000
0.962750 0.990000 0.920000 0.960000
0.960750 0.990000 0.900000 0.960000
0.956000 0.990000 0.930000 0.960000
0.954750 0.990000 0.920000 0.950000
0.956750 0.990000 0.920000 0.950000
0.954750 0.990000 0.920000 0.950000
0.962750 1.000000 0.910000 0.960000
