0.509250 0.600000 0.420000 0.510000
0.536500 0.640000 0.430000 0.540000
0.569000 0.660000 0.490000 0.570000
0.593000 0.660000 0.520000 0.600000
0.614250 0.660000 0.550000 0.610000
0.619750 0.660000 0.570000 0.620000
0.633000 0.670000 0.560000 0.640000
0.642750 0.690000 0.590000 0.640000
0.653500 0.710000 0.610000 0.660000
0.666500 0.710000 0.600000 0.660000
0.675500 0.720000 0.620000 0.670000
0.692750 0.740000 0.630000 0.700000
0.703250 0.740000 0.630000 0.700000
0.720250 0.770000 0.660000 0.720000
0.734750 0.780000 0.690000 0.730000
0.748000 0.800000 0.690000 0.750000
0.762500 0.820000 0.710000 0.760000
0.771750 0.820000 0.720000 0.770000
0.772500 0.820000 0.720000 0.770000
0.788000 0.830000 0.760000 0.790000
0.791000 0.830000 0.730000 0.790000
0.799500 0.830000 0.750000 0.800000
0.807000 0.850000 0.760000 0.800000
0.812250 0.850000 0.760000 0.810000
0.820500 0.870000 0.780000 0.820000
0.819500 0.870000 0.780000 0.820000
0.835500 0.880000 0.780000 0.830000
0.846000 0.900000 0.780000 0.850000
0.849250 0.900000 0.800000 0.850000
0.860250 0.900000 0.780000 0.860000
0.864750 0.900000 0.830000 0.860000
0.866750 0.900000 0.830000 0.870000
0.872000 0.900000 0.840000 0.870000
0.871750 0.900000 0.830000 0.870000
0.880250 0.910000 0.850000 0.880000
0.882500 0.910000 0.820000 0.880000
0.886250 0.910000 0.850000 0.890000
0.895000 0.920000 0.880000 0.890000
0.893500 0.930000 0.870000 0.890000
0.894750 0.930000 0.860000 0.890000
0.893750 0.930000 0.860000 0.890000
0.890250 0.930000 0.850000 0.900000
0.893000 0.930000 0.860000 0.890000
0.896750 0.930000 0.870000 0.900000
0.900250 0.930000 0.860000 0.900000
0.908500 0.940000 0.870000 0.910000
0.911250 0.940000 0.870000 0.910000
0.911500 0.940000 0.880000 0.910000
0.914750 0.940000 0.860000 0.920000
0.916250 0.940000 0.890000 0.920000
0.915000 0.950000 0.860000 0.920000
0.917750 0.950000 0.870000 0.920000
0.918500 0.950000 0.890000 0.920000
0.922250 0.950000 0.890000 0.920000
0.924250 0.950000 0.890000 0.920000
0.923750 0.950000 0.880000 0.930000
0.926000 0.960000 0.890000 0.930000
0.924000 0.960000 0.880000 0.920000
0.919750 0.960000 0.880000 0.910000
0.926500 0.960000 0.880000 0.930000
0.928750 0.970000 0.870000 0.930000
0.937250 0.970000 0.900000 0.940000
0.944750 0.980000 0.920000 0.940000
0.946000 0.980000 0.900000 0.950000
0.946000 0.980000 0.920000 0.940000
0.943250 0.980000 0.890000 0.940000
0.946750 0.980000 0.920000 0.940000
0.944250 0.980000 0.910000 0.940000
0.942500 0.980000 0.910000 0.940000
0.946500 0.980000 0.900000 0.950000
0.951500 0.980000 0.930000 0.950000
0.949500 0.980000 0.910000 0.950000
0.951500 0.980000 0.910000 0.950000
0.957000 0.980000 0.890000 0.960000
0.953500 0.980000 0.930000 0.950000
0.950750 0.980000 0.910000 0.950000
0.950250 0.980000 0.920000 0.950000
0.949250 0.980000 0.910000 0.950000
0.950750 0.980000 0.930000 0.950000
0.953750 0.990000 0.920000 0.950000
0.952500 0.990000 0.910000 0.950000
0.959250 0.990000 0.920000 0.960000
0.956750 0.990000 0.910000 0.960000
0.962750 0.990000 0.930000 0.960000
0.961000 0.990000 0.930000 0.960000
0.959000 0.990000 0.930000 0.960000
0.960000 0.990000 0.910000 0.960000
0.963250 0.990000 0.930000 0.970000
0.960750 0.990000 0.930000 0.960000
0.959250 0.990000 0.910000 0.960000
0.960750 0.990000 0.930000 0.960000
0.957750 0.990000 0.910000 0.960000
0.958500 0.990000 0.920000 0.960000
0.960250 1.000000 0.930000 0.960000
