0.509250 0.600000 0.420000 0.510000
0.519750 0.600000 0.430000 0.510000
0.541750 0.610000 0.460000 0.550000
0.552500 0.650000 0.450000 0.540000
0.579750 0.670000 0.490000 0.580000
0.603750 0.680000 0.510000 0.610000
0.626500 0.700000 0.540000 0.630000
0.653250 0.710000 0.550000 0.660000
0.680000 0.750000 0.590000 0.680000
0.707250 0.760000 0.640000 0.700000
0.724750 0.800000 0.630000 0.720000
0.739750 0.800000 0.670000 0.740000
0.760500 0.830000 0.700000 0.750000
0.774750 0.840000 0.700000 0.770000
0.793500 0.850000 0.730000 0.800000
0.811000 0.900000 0.740000 0.810000
0.821500 0.900000 0.750000 0.820000
0.832500 0.900000 0.770000 0.830000
0.846000 0.900000 0.790000 0.840000
0.853500 0.900000 0.800000 0.850000
0.857500 0.900000 0.790000 0.860000
0.870000 0.930000 0.810000 0.870000
0.885000 0.950000 0.810000 0.890000
0.897500 0.960000 0.850000 0.900000
0.912000 0.960000 0.870000 0.910000
0.925000 0.970000 0.870000 0.930000
0.928250 0.970000 0.870000 0.930000
0.939000 0.980000 0.900000 0.930000
0.950500 0.990000 0.910000 0.950000
0.954500 0.990000 0.910000 0.950000
0.955750 0.990000 0.900000 0.960000
0.956250 1.000000 0.910000 0.960000
