0.505250 0.590000 0.410000 0.510000
0.528500 0.610000 0.450000 0.530000
0.534750 0.620000 0.460000 0.530000
0.530250 0.630000 0.440000 0.520000
0.543000 0.630000 0.420000 0.540000
0.546250 0.630000 0.440000 0.560000
0.540000 0.640000 0.440000 0.550000
0.562250 0.650000 0.430000 0.560000
0.549000 0.650000 0.440000 0.550000
0.552500 0.650000 0.420000 0.560000
0.559750 0.650000 0.420000 0.570000
0.557750 0.650000 0.460000 0.560000
0.546000 0.650000 0.450000 0.540000
0.540250 0.650000 0.430000 0.540000
0.537250 0.650000 0.400000 0.530000
0.551500 0.650000 0.390000 0.560000
0.570750 0.670000 0.410000 0.570000
0.559000 0.670000 0.380000 0.570000
0.556000 0.670000 0.400000 0.560000
0.561000 0.670000 0.420000 0.560000
0.573500 0.680000 0.440000 0.570000
0.567000 0.680000 0.460000 0.560000
0.564250 0.700000 0.410000 0.550000
0.578000 0.700000 0.420000 0.570000
0.583750 0.700000 0.420000 0.580000
0.593750 0.700000 0.460000 0.600000
0.602500 0.710000 0.470000 0.590000
0.598500 0.710000 0.410000 0.590000
0.609500 0.710000 0.450000 0.600000
0.609000 0.710000 0.510000 0.610000
0.617250 0.720000 0.540000 0.620000
0.618750 0.720000 0.510000 0.620000
0.631000 0.720000 0.510000 0.630000
0.639250 0.750000 0.550000 0.640000
0.643250 0.760000 0.530000 0.630000
0.647250 0.760000 0.540000 0.650000
0.647500 0.760000 0.550000 0.650000
0.651250 0.770000 0.550000 0.650000
0.645750 0.780000 0.530000 0.630000
0.642500 0.780000 0.550000 0.620000
0.653000 0.780000 0.550000 0.650000
0.651250 0.780000 0.520000 0.640000
0.652000 0.780000 0.520000 0.650000
0.649750 0.780000 0.550000 0.650000
0.653500 0.780000 0.570000 0.650000
0.648250 0.780000 0.560000 0.650000
0.653250 0.780000 0.570000 0.640000
0.649000 0.780000 0.540000 0.650000
0.646250 0.780000 0.530000 0.650000
0.655750 0.780000 0.550000 0.660000
0.641250 0.780000 0.550000 0.630000
0.664250 0.790000 0.550000 0.650000
0.672750 0.800000 0.560000 0.660000
0.670000 0.800000 0.530000 0.670000
0.696250 0.800000 0.560000 0.710000
0.695250 0.800000 0.540000 0.700000
0.708250 0.810000 0.600000 0.710000
0.706250 0.810000 0.600000 0.710000
0.708750 0.810000 0.620000 0.710000
0.705000 0.810000 0.630000 0.700000
0.702000 0.810000 0.610000 0.710000
0.697750 0.810000 0.620000 0.710000
0.708000 0.810000 0.600000 0.710000
0.705500 0.810000 0.600000 0.710000
0.703500 0.810000 0.600000 0.700000
0.719250 0.810000 0.600000 0.720000
0.730000 0.820000 0.620000 0.730000
0.724500 0.830000 0.610000 0.720000
0.730000 0.830000 0.600000 0.730000
0.729750 0.840000 0.600000 0.730000
0.727000 0.870000 0.640000 0.730000
0.729000 0.870000 0.610000 0.740000
0.720250 0.870000 0.610000 0.720000
0.718500 0.870000 0.620000 0.720000
0.722000 0.870000 0.610000 0.720000
0.713500 0.870000 0.620000 0.710000
0.713000 0.870000 0.620000 0.710000
0.701500 0.870000 0.610000 0.690000
0.706250 0.870000 0.580000 0.710000
0.718250 0.870000 0.590000 0.720000
0.735250 0.870000 0.560000 0.730000
0.731500 0.870000 0.620000 0.720000
0.734000 0.870000 0.630000 0.730000
0.721500 0.870000 0.640000 0.720000
0.721250 0.870000 0.620000 0.710000
0.730250 0.870000 0.620000 0.710000
0.735250 0.870000 0.600000 0.730000
0.749750 0.870000 0.640000 0.750000
0.753750 0.870000 0.650000 0.740000
0.742750 0.870000 0.660000 0.730000
0.762750 0.870000 0.650000 0.750000
0.770750 0.870000 0.640000 0.770000
0.771250 0.870000 0.640000 0.770000
0.766250 0.870000 0.680000 0.760000
0.760250 0.870000 0.650000 0.760000
0.764250 0.870000 0.690000 0.760000
0.755000 0.870000 0.670000 0.750000
0.754750 0.870000 0.630000 0.760000
0.744500 0.870000 0.620000 0.750000
0.755000 0.870000 0.630000 0.750000
0.758250 0.870000 0.670000 0.750000
0.772500 0.870000 0.680000 0.760000
0.763000 0.870000 0.680000 0.760000
0.770000 0.870000 0.670000 0.760000
0.784250 0.870000 0.710000 0.770000
0.784250 0.870000 0.680000 0.780000
0.786750 0.870000 0.700000 0.780000
0.786250 0.870000 0.680000 0.790000
0.779000 0.870000 0.690000 0.780000
0.786500 0.870000 0.680000 0.790000
0.787750 0.870000 0.660000 0.790000
0.791000 0.870000 0.670000 0.790000
0.786750 0.870000 0.650000 0.780000
0.775250 0.870000 0.660000 0.770000
0.771750 0.870000 0.690000 0.770000
0.757000 0.870000 0.670000 0.750000
0.746000 0.870000 0.690000 0.740000
0.738750 0.870000 0.660000 0.730000
0.740250 0.870000 0.680000 0.740000
0.733500 0.870000 0.690000 0.730000
0.732750 0.870000 0.670000 0.730000
0.734500 0.870000 0.660000 0.730000
0.732500 0.870000 0.660000 0.720000
0.742250 0.870000 0.640000 0.740000
0.749750 0.870000 0.670000 0.740000
0.758750 0.870000 0.670000 0.760000
0.760750 0.870000 0.680000 0.760000
0.759250 0.870000 0.680000 0.750000
0.764750 0.870000 0.690000 0.760000
0.749750 0.880000 0.660000 0.730000
0.763250 0.880000 0.670000 0.760000
0.774250 0.880000 0.670000 0.760000
0.771000 0.880000 0.700000 0.770000
0.767000 0.880000 0.700000 0.750000
0.786750 0.880000 0.690000 0.780000
0.779500 0.880000 0.650000 0.780000
0.777250 0.880000 0.690000 0.770000
0.781250 0.880000 0.670000 0.780000
0.785500 0.880000 0.700000 0.780000
0.779000 0.880000 0.690000 0.780000
0.773750 0.880000 0.690000 0.770000
0.756250 0.880000 0.700000 0.750000
0.758750 0.880000 0.700000 0.750000
0.751750 0.880000 0.670000 0.740000
0.746000 0.880000 0.670000 0.740000
0.751250 0.880000 0.660000 0.750000
0.745500 0.880000 0.660000 0.740000
0.737500 0.880000 0.650000 0.730000
0.739750 0.880000 0.630000 0.740000
0.735250 0.880000 0.640000 0.730000
0.740000 0.880000 0.650000 0.730000
0.736750 0.880000 0.650000 0.730000
0.745000 0.880000 0.650000 0.730000
0.755500 0.880000 0.640000 0.760000
0.756750 0.880000 0.640000 0.750000
0.756750 0.880000 0.640000 0.750000
0.742750 0.880000 0.630000 0.740000
0.746250 0.880000 0.620000 0.740000
0.752000 0.880000 0.620000 0.750000
0.743500 0.880000 0.620000 0.740000
0.745000 0.880000 0.610000 0.740000
0.726250 0.880000 0.580000 0.720000
0.739750 0.880000 0.590000 0.730000
0.747000 0.880000 0.640000 0.740000
0.751250 0.880000 0.650000 0.740000
0.750250 0.880000 0.630000 0.760000
0.737250 0.880000 0.580000 0.740000
0.751250 0.880000 0.600000 0.750000
0.746250 0.880000 0.600000 0.740000
0.749500 0.880000 0.640000 0.740000
0.760750 0.880000 0.650000 0.760000
0.771750 0.880000 0.650000 0.770000
0.768000 0.880000 0.660000 0.770000
0.759000 0.880000 0.660000 0.740000
0.748500 0.880000 0.670000 0.740000
0.757250 0.880000 0.650000 0.750000
0.764500 0.880000 0.660000 0.760000
0.758000 0.880000 0.660000 0.750000
0.764250 0.880000 0.650000 0.770000
0.774500 0.880000 0.610000 0.780000
0.767500 0.880000 0.600000 0.770000
0.767750 0.880000 0.640000 0.770000
0.771750 0.880000 0.670000 0.770000
0.766500 0.880000 0.670000 0.770000
0.760000 0.880000 0.680000 0.750000
0.752750 0.880000 0.690000 0.740000
0.756750 0.880000 0.660000 0.740000
0.765750 0.880000 0.690000 0.770000
0.767750 0.880000 0.660000 0.770000
0.759250 0.880000 0.670000 0.750000
0.760250 0.880000 0.680000 0.750000
0.758750 0.880000 0.660000 0.750000
0.765500 0.880000 0.630000 0.760000
0.775000 0.880000 0.680000 0.760000
0.773750 0.880000 0.700000 0.770000
0.761250 0.880000 0.680000 0.770000
0.761000 0.880000 0.660000 0.750000
0.758750 0.880000 0.670000 0.750000
0.755250 0.880000 0.670000 0.750000
0.764500 0.880000 0.690000 0.760000
0.757750 0.880000 0.680000 0.760000
0.754000 0.880000 0.690000 0.750000
0.753750 0.880000 0.690000 0.750000
0.761250 0.880000 0.700000 0.750000
0.776500 0.880000 0.670000 0.780000
0.787000 0.880000 0.670000 0.790000
0.776750 0.880000 0.700000 0.770000
0.777000 0.880000 0.710000 0.770000
0.774750 0.880000 0.690000 0.770000
0.766000 0.880000 0.670000 0.760000
0.776750 0.880000 0.650000 0.780000
0.775000 0.880000 0.680000 0.760000
0.765750 0.880000 0.670000 0.750000
0.768000 0.880000 0.670000 0.760000
0.767250 0.880000 0.720000 0.760000
0.767250 0.880000 0.710000 0.760000
0.775500 0.880000 0.710000 0.760000
0.788000 0.880000 0.720000 0.790000
0.780750 0.880000 0.710000 0.770000
0.788750 0.880000 0.690000 0.780000
0.795750 0.880000 0.710000 0.810000
0.800000 0.880000 0.690000 0.810000
0.802000 0.880000 0.720000 0.800000
0.802500 0.880000 0.710000 0.800000
0.801250 0.880000 0.710000 0.790000
0.798500 0.880000 0.730000 0.800000
0.789000 0.880000 0.730000 0.780000
0.792500 0.880000 0.720000 0.790000
0.781250 0.880000 0.700000 0.780000
0.776500 0.880000 0.690000 0.770000
0.777750 0.890000 0.690000 0.770000
0.777500 0.890000 0.680000 0.770000
0.768000 0.890000 0.690000 0.760000
0.774000 0.890000 0.690000 0.770000
0.780000 0.890000 0.700000 0.780000
0.788500 0.890000 0.700000 0.790000
0.785500 0.890000 0.720000 0.770000
0.788750 0.900000 0.710000 0.770000
0.794750 0.900000 0.690000 0.800000
0.805500 0.900000 0.690000 0.810000
0.808000 0.900000 0.650000 0.810000
0.800750 0.900000 0.650000 0.800000
0.800250 0.900000 0.640000 0.810000
0.794500 0.900000 0.650000 0.790000
0.804500 0.900000 0.690000 0.810000
0.805000 0.900000 0.690000 0.800000
0.803750 0.900000 0.730000 0.800000
0.802500 0.900000 0.720000 0.800000
0.800250 0.900000 0.710000 0.800000
0.793750 0.900000 0.700000 0.790000
0.801000 0.900000 0.690000 0.800000
0.795500 0.900000 0.710000 0.790000
0.801750 0.900000 0.720000 0.800000
0.795500 0.910000 0.690000 0.800000
0.801250 0.910000 0.690000 0.800000
0.794250 0.910000 0.720000 0.800000
0.797500 0.910000 0.720000 0.790000
0.804250 0.910000 0.700000 0.800000
0.799500 0.910000 0.700000 0.800000
0.802750 0.910000 0.730000 0.800000
0.815500 0.910000 0.730000 0.820000
0.828000 0.910000 0.710000 0.840000
0.826500 0.910000 0.710000 0.830000
0.824500 0.910000 0.720000 0.830000
0.823500 0.910000 0.750000 0.820000
0.827500 0.910000 0.740000 0.830000
0.834750 0.910000 0.770000 0.830000
0.831750 0.910000 0.760000 0.830000
0.821000 0.910000 0.750000 0.820000
0.812000 0.910000 0.740000 0.820000
0.803250 0.910000 0.740000 0.790000
0.811000 0.910000 0.750000 0.800000
0.809750 0.910000 0.730000 0.810000
0.812500 0.910000 0.720000 0.820000
0.809500 0.910000 0.730000 0.810000
0.800500 0.910000 0.740000 0.800000
0.797500 0.910000 0.710000 0.800000
0.795000 0.910000 0.700000 0.790000
0.795750 0.910000 0.730000 0.790000
0.796000 0.910000 0.680000 0.800000
0.800250 0.910000 0.730000 0.800000
0.807000 0.910000 0.720000 0.800000
0.801000 0.910000 0.730000 0.790000
0.795500 0.910000 0.720000 0.790000
0.800500 0.910000 0.700000 0.800000
0.802000 0.910000 0.690000 0.800000
0.797000 0.910000 0.700000 0.800000
0.801750 0.910000 0.680000 0.800000
0.798250 0.910000 0.690000 0.800000
0.803250 0.910000 0.710000 0.800000
0.797750 0.910000 0.720000 0.790000
0.803000 0.910000 0.730000 0.790000
0.804500 0.910000 0.720000 0.800000
0.809750 0.910000 0.710000 0.800000
0.810250 0.910000 0.710000 0.810000
0.821750 0.910000 0.720000 0.820000
0.828250 0.910000 0.720000 0.840000
0.823750 0.910000 0.740000 0.820000
0.826500 0.910000 0.760000 0.820000
0.830000 0.910000 0.750000 0.820000
0.835000 0.910000 0.740000 0.830000
0.838750 0.910000 0.750000 0.840000
0.831000 0.910000 0.760000 0.830000
0.830000 0.910000 0.740000 0.830000
0.830500 0.910000 0.770000 0.830000
0.819750 0.910000 0.740000 0.820000
0.820750 0.910000 0.730000 0.820000
0.821000 0.910000 0.680000 0.830000
0.826000 0.910000 0.680000 0.820000
0.829250 0.920000 0.750000 0.820000
0.828750 0.920000 0.770000 0.820000
0.830500 0.920000 0.710000 0.820000
0.837500 0.920000 0.730000 0.840000
0.833500 0.920000 0.750000 0.830000
0.833500 0.920000 0.760000 0.830000
0.832750 0.920000 0.760000 0.830000
0.831000 0.920000 0.750000 0.830000
0.832500 0.920000 0.760000 0.830000
0.826250 0.920000 0.740000 0.820000
0.843000 0.930000 0.770000 0.840000
0.841000 0.930000 0.770000 0.840000
0.836250 0.930000 0.760000 0.830000
0.830500 0.930000 0.730000 0.830000
0.830250 0.930000 0.760000 0.830000
0.834500 0.930000 0.760000 0.830000
0.827500 0.930000 0.760000 0.830000
0.813000 0.930000 0.730000 0.810000
0.812250 0.930000 0.740000 0.810000
0.809250 0.930000 0.700000 0.810000
0.802750 0.930000 0.710000 0.800000
0.794250 0.930000 0.730000 0.780000
0.784500 0.930000 0.680000 0.780000
0.791750 0.930000 0.720000 0.780000
0.789750 0.930000 0.720000 0.780000
0.792250 0.930000 0.690000 0.780000
0.793250 0.930000 0.710000 0.790000
0.802250 0.930000 0.730000 0.810000
0.805500 0.930000 0.720000 0.810000
0.802750 0.930000 0.720000 0.800000
0.805250 0.930000 0.700000 0.790000
0.810500 0.930000 0.720000 0.790000
0.810000 0.930000 0.720000 0.800000
0.829500 0.930000 0.740000 0.820000
0.824500 0.930000 0.740000 0.820000
0.844250 0.930000 0.750000 0.840000
0.847000 0.930000 0.750000 0.850000
0.828000 0.930000 0.760000 0.820000
0.825500 0.930000 0.760000 0.820000
0.827000 0.930000 0.780000 0.820000
0.820500 0.930000 0.760000 0.810000
0.818500 0.930000 0.750000 0.810000
0.812500 0.930000 0.740000 0.800000
0.812750 0.930000 0.730000 0.810000
0.821750 0.930000 0.770000 0.810000
0.826500 0.930000 0.760000 0.820000
0.839250 0.930000 0.740000 0.830000
0.838000 0.930000 0.740000 0.830000
0.838750 0.930000 0.760000 0.830000
0.832000 0.930000 0.750000 0.820000
0.830250 0.930000 0.740000 0.820000
0.822000 0.930000 0.750000 0.820000
0.827000 0.930000 0.770000 0.820000
0.827000 0.930000 0.760000 0.820000
0.833250 0.930000 0.790000 0.820000
0.827750 0.930000 0.760000 0.820000
0.817000 0.930000 0.750000 0.810000
0.811500 0.930000 0.750000 0.810000
0.811500 0.930000 0.750000 0.810000
0.817000 0.930000 0.740000 0.810000
0.829750 0.930000 0.750000 0.820000
0.831000 0.940000 0.700000 0.830000
0.818000 0.940000 0.740000 0.800000
0.834000 0.940000 0.740000 0.830000
0.823000 0.940000 0.720000 0.810000
0.824750 0.940000 0.740000 0.820000
0.826000 0.940000 0.740000 0.830000
0.838750 0.940000 0.740000 0.830000
0.835000 0.940000 0.730000 0.830000
0.821750 0.940000 0.740000 0.820000
0.820250 0.940000 0.720000 0.820000
0.810750 0.940000 0.710000 0.810000
0.812500 0.940000 0.700000 0.810000
0.819500 0.940000 0.740000 0.810000
0.814250 0.940000 0.720000 0.810000
0.808250 0.940000 0.750000 0.800000
0.808250 0.940000 0.750000 0.800000
0.806500 0.940000 0.720000 0.800000
0.807750 0.940000 0.740000 0.800000
0.806250 0.940000 0.730000 0.790000
0.805250 0.940000 0.710000 0.800000
0.809750 0.940000 0.720000 0.800000
0.818750 0.940000 0.710000 0.810000
0.808250 0.940000 0.700000 0.800000
0.805500 0.940000 0.680000 0.810000
0.808250 0.940000 0.710000 0.800000
0.805000 0.940000 0.730000 0.800000
0.806000 0.940000 0.700000 0.800000
0.811000 0.940000 0.670000 0.800000
0.810000 0.940000 0.670000 0.810000
0.821000 0.940000 0.700000 0.810000
0.834750 0.940000 0.710000 0.840000
0.831750 0.950000 0.710000 0.830000
0.836750 0.950000 0.710000 0.840000
0.826500 0.950000 0.710000 0.820000
0.814500 0.950000 0.710000 0.810000
0.811000 0.950000 0.740000 0.810000
0.804750 0.950000 0.720000 0.800000
0.796750 0.950000 0.730000 0.790000
0.795750 0.950000 0.710000 0.780000
0.795750 0.950000 0.700000 0.790000
0.785250 0.950000 0.680000 0.760000
0.790750 0.950000 0.670000 0.780000
0.781250 0.950000 0.660000 0.740000
0.788500 0.950000 0.690000 0.760000
0.791000 0.950000 0.670000 0.770000
0.811250 0.950000 0.690000 0.800000
0.812000 0.950000 0.740000 0.800000
0.831250 0.950000 0.730000 0.820000
0.828750 0.950000 0.730000 0.830000
0.831250 0.950000 0.710000 0.830000
0.817000 0.950000 0.690000 0.820000
0.812250 0.950000 0.700000 0.810000
0.804250 0.950000 0.660000 0.800000
0.811250 0.950000 0.660000 0.810000
0.812750 0.950000 0.690000 0.810000
0.798750 0.950000 0.690000 0.780000
0.810250 0.950000 0.700000 0.800000
0.818750 0.950000 0.680000 0.800000
0.824000 0.950000 0.710000 0.820000
0.822250 0.950000 0.720000 0.830000
0.817000 0.960000 0.710000 0.800000
0.837500 0.960000 0.720000 0.840000
0.817750 0.960000 0.710000 0.810000
0.828500 0.960000 0.720000 0.810000
0.829500 0.960000 0.720000 0.830000
0.816000 0.960000 0.710000 0.810000
0.817750 0.960000 0.700000 0.800000
0.817250 0.960000 0.710000 0.800000
0.830250 0.960000 0.720000 0.820000
0.822000 0.960000 0.710000 0.810000
0.820000 0.960000 0.730000 0.820000
0.813500 0.960000 0.730000 0.810000
0.822750 0.960000 0.730000 0.810000
0.828500 0.970000 0.720000 0.810000
0.839750 0.970000 0.760000 0.820000
0.837250 0.970000 0.740000 0.840000
0.837500 0.970000 0.770000 0.830000
0.838000 0.970000 0.750000 0.830000
0.851750 0.970000 0.750000 0.840000
0.850500 0.970000 0.750000 0.840000
0.853250 0.970000 0.770000 0.850000
0.860750 0.970000 0.740000 0.850000
0.863500 0.970000 0.780000 0.850000
0.857000 0.970000 0.780000 0.850000
0.856000 0.970000 0.770000 0.850000
0.851000 0.970000 0.790000 0.840000
0.853000 0.970000 0.770000 0.850000
0.869750 0.970000 0.750000 0.860000
0.877000 0.970000 0.780000 0.870000
0.869000 0.970000 0.760000 0.870000
0.883250 0.970000 0.790000 0.890000
0.885750 0.970000 0.770000 0.890000
0.890250 0.970000 0.760000 0.890000
0.886000 0.980000 0.780000 0.880000
0.876500 0.980000 0.790000 0.870000
0.880000 0.980000 0.780000 0.870000
0.870250 0.980000 0.780000 0.860000
0.862000 0.980000 0.760000 0.850000
0.846000 0.980000 0.780000 0.830000
0.832250 0.980000 0.770000 0.820000
0.824500 0.980000 0.760000 0.820000
0.822250 0.980000 0.740000 0.810000
0.814750 0.980000 0.740000 0.810000
0.816250 0.980000 0.740000 0.810000
0.817000 0.980000 0.750000 0.810000
0.823500 0.980000 0.740000 0.820000
0.820250 0.980000 0.720000 0.820000
0.821250 0.980000 0.730000 0.820000
0.822500 0.980000 0.740000 0.830000
0.826250 0.980000 0.710000 0.820000
0.812500 0.980000 0.710000 0.810000
0.799750 0.980000 0.710000 0.800000
0.798750 0.980000 0.700000 0.790000
0.799250 0.980000 0.660000 0.790000
0.806250 0.980000 0.710000 0.810000
0.813250 0.980000 0.690000 0.810000
0.834500 0.980000 0.740000 0.820000
0.832500 0.980000 0.730000 0.820000
0.830500 0.980000 0.740000 0.830000
0.830250 0.980000 0.700000 0.820000
0.838250 0.980000 0.680000 0.830000
0.842500 0.980000 0.700000 0.840000
0.839750 0.980000 0.740000 0.830000
0.842000 0.980000 0.730000 0.840000
0.832000 0.980000 0.690000 0.830000
0.834750 0.980000 0.710000 0.840000
0.838500 0.980000 0.690000 0.840000
0.837000 0.980000 0.720000 0.830000
0.832000 0.980000 0.720000 0.850000
0.826000 0.980000 0.720000 0.810000
0.833000 0.980000 0.720000 0.840000
0.830000 0.980000 0.710000 0.830000
0.826000 0.980000 0.730000 0.820000
0.832000 0.980000 0.720000 0.820000
0.846000 0.980000 0.750000 0.850000
0.846250 0.980000 0.740000 0.840000
0.849500 0.980000 0.760000 0.840000
0.848500 0.980000 0.750000 0.840000
0.840750 0.980000 0.750000 0.840000
0.851500 0.980000 0.740000 0.850000
0.859000 0.980000 0.760000 0.840000
0.863500 0.980000 0.750000 0.850000
0.854750 0.980000 0.770000 0.850000
0.851250 0.980000 0.760000 0.850000
0.834500 0.980000 0.750000 0.820000
0.836500 0.980000 0.740000 0.820000
0.829250 0.980000 0.720000 0.830000
0.825750 0.980000 0.680000 0.820000
0.829000 0.980000 0.690000 0.820000
0.834000 0.980000 0.670000 0.820000
0.850750 0.980000 0.730000 0.850000
0.850500 0.980000 0.720000 0.840000
0.847500 0.980000 0.690000 0.850000
0.850750 0.980000 0.750000 0.850000
0.851500 0.980000 0.760000 0.860000
0.853750 0.980000 0.770000 0.850000
0.857750 0.980000 0.770000 0.860000
0.860500 0.980000 0.770000 0.870000
0.855750 0.980000 0.770000 0.850000
0.851500 0.980000 0.760000 0.850000
0.854000 0.980000 0.760000 0.850000
0.842750 0.980000 0.770000 0.830000
0.835250 0.980000 0.760000 0.840000
0.831750 0.980000 0.740000 0.840000
0.826500 0.980000 0.720000 0.820000
0.826750 0.980000 0.720000 0.830000
0.825000 0.980000 0.720000 0.820000
0.810750 0.980000 0.710000 0.810000
0.812250 0.980000 0.720000 0.800000
0.812250 0.980000 0.690000 0.790000
0.826500 0.980000 0.740000 0.800000
0.830750 0.980000 0.740000 0.820000
0.823750 0.980000 0.740000 0.820000
0.828250 0.980000 0.720000 0.810000
0.839000 0.980000 0.740000 0.820000
0.845000 0.980000 0.740000 0.830000
0.841750 0.980000 0.740000 0.840000
0.852500 0.980000 0.760000 0.840000
0.850000 0.980000 0.750000 0.850000
0.851250 0.980000 0.750000 0.850000
0.849750 0.980000 0.740000 0.850000
0.835250 0.980000 0.740000 0.820000
0.835750 0.980000 0.760000 0.820000
0.824750 0.980000 0.760000 0.820000
0.838000 0.980000 0.760000 0.830000
0.816000 0.980000 0.720000 0.820000
0.824750 0.980000 0.750000 0.820000
0.825250 0.990000 0.730000 0.820000
0.844250 0.990000 0.750000 0.820000
0.864250 0.990000 0.770000 0.840000
0.852750 0.990000 0.750000 0.850000
0.851250 0.990000 0.740000 0.850000
0.852000 0.990000 0.770000 0.850000
0.835750 0.990000 0.750000 0.830000
0.850000 0.990000 0.770000 0.850000
0.854750 0.990000 0.750000 0.850000
0.855750 0.990000 0.750000 0.850000
0.851250 0.990000 0.760000 0.860000
0.854750 0.990000 0.750000 0.850000
0.851250 0.990000 0.760000 0.850000
0.853500 0.990000 0.760000 0.850000
0.861000 0.990000 0.780000 0.860000
0.848000 0.990000 0.780000 0.840000
0.852250 0.990000 0.790000 0.840000
0.854250 0.990000 0.790000 0.850000
0.851750 0.990000 0.780000 0.850000
0.843250 0.990000 0.760000 0.840000
0.838500 0.990000 0.750000 0.830000
0.827250 0.990000 0.750000 0.820000
0.835000 0.990000 0.750000 0.830000
0.854500 0.990000 0.770000 0.840000
0.860500 0.990000 0.770000 0.850000
0.860750 0.990000 0.750000 0.860000
0.863500 0.990000 0.760000 0.860000
0.871000 0.990000 0.750000 0.860000
0.869000 0.990000 0.750000 0.870000
0.859500 0.990000 0.750000 0.870000
0.866000 0.990000 0.740000 0.880000
0.880250 0.990000 0.760000 0.880000
0.882750 0.990000 0.750000 0.880000
0.871000 0.990000 0.750000 0.870000
0.886250 0.990000 0.760000 0.880000
0.889000 0.990000 0.780000 0.880000
0.887750 0.990000 0.760000 0.890000
0.887500 0.990000 0.770000 0.880000
0.889750 0.990000 0.800000 0.880000
0.890000 0.990000 0.830000 0.890000
0.881000 0.990000 0.810000 0.880000
0.870750 0.990000 0.800000 0.870000
0.871000 0.990000 0.820000 0.860000
0.866750 0.990000 0.780000 0.860000
0.865250 0.990000 0.790000 0.850000
0.867500 0.990000 0.770000 0.870000
0.864250 0.990000 0.750000 0.870000
0.865250 0.990000 0.740000 0.860000
0.855750 0.990000 0.730000 0.860000
0.853500 0.990000 0.750000 0.850000
0.852000 0.990000 0.770000 0.840000
0.844500 0.990000 0.760000 0.840000
0.853500 0.990000 0.750000 0.850000
0.846250 0.990000 0.730000 0.840000
0.844750 0.990000 0.720000 0.850000
0.839250 0.990000 0.750000 0.840000
0.838000 0.990000 0.740000 0.830000
0.839750 0.990000 0.720000 0.840000
0.836250 0.990000 0.750000 0.830000
0.832000 0.990000 0.770000 0.830000
0.830500 0.990000 0.740000 0.820000
0.832000 0.990000 0.740000 0.820000
0.843750 0.990000 0.730000 0.830000
0.850250 0.990000 0.710000 0.840000
0.853000 0.990000 0.750000 0.840000
0.855250 0.990000 0.740000 0.860000
0.857000 0.990000 0.760000 0.860000
0.853000 0.990000 0.710000 0.850000
0.859750 0.990000 0.730000 0.860000
0.856500 0.990000 0.710000 0.850000
0.865250 0.990000 0.720000 0.850000
0.879250 0.990000 0.770000 0.880000
0.871000 0.990000 0.740000 0.870000
0.858750 0.990000 0.760000 0.860000
0.865000 0.990000 0.780000 0.860000
0.872750 0.990000 0.780000 0.880000
0.875500 0.990000 0.790000 0.880000
0.867000 0.990000 0.780000 0.870000
0.859750 0.990000 0.770000 0.860000
0.853500 0.990000 0.760000 0.850000
0.843500 0.990000 0.740000 0.840000
0.841250 0.990000 0.730000 0.830000
0.840500 0.990000 0.730000 0.830000
0.851750 0.990000 0.740000 0.850000
0.853750 0.990000 0.780000 0.840000
0.847500 0.990000 0.780000 0.830000
0.843000 0.990000 0.750000 0.820000
0.851750 0.990000 0.760000 0.840000
0.844250 0.990000 0.760000 0.830000
0.852250 0.990000 0.770000 0.840000
0.857250 0.990000 0.760000 0.840000
0.872000 0.990000 0.780000 0.870000
0.865250 0.990000 0.780000 0.860000
0.853500 0.990000 0.750000 0.850000
0.853000 0.990000 0.760000 0.840000
0.850000 0.990000 0.750000 0.840000
0.852250 0.990000 0.770000 0.850000
0.842250 0.990000 0.760000 0.840000
0.855250 0.990000 0.740000 0.850000
0.867250 0.990000 0.740000 0.870000
0.884250 0.990000 0.760000 0.900000
0.882250 0.990000 0.770000 0.880000
0.870750 0.990000 0.790000 0.860000
0.882500 0.990000 0.800000 0.880000
0.889750 0.990000 0.810000 0.880000
0.897250 0.990000 0.810000 0.900000
0.893000 0.990000 0.820000 0.880000
0.888000 0.990000 0.800000 0.880000
0.892000 0.990000 0.780000 0.890000
0.897250 0.990000 0.820000 0.900000
0.895000 0.990000 0.820000 0.890000
0.884250 0.990000 0.790000 0.880000
0.880750 0.990000 0.780000 0.880000
0.884500 0.990000 0.780000 0.880000
0.894250 0.990000 0.790000 0.890000
0.894750 0.990000 0.780000 0.900000
0.884500 0.990000 0.770000 0.890000
0.890000 0.990000 0.760000 0.890000
0.891750 0.990000 0.850000 0.880000
0.894250 0.990000 0.800000 0.890000
0.877250 0.990000 0.820000 0.870000
0.874500 0.990000 0.790000 0.880000
0.869250 0.990000 0.780000 0.880000
0.864500 0.990000 0.780000 0.860000
0.865500 0.990000 0.780000 0.860000
0.860250 0.990000 0.760000 0.850000
0.860500 0.990000 0.780000 0.850000
0.860750 0.990000 0.740000 0.860000
0.862750 0.990000 0.780000 0.850000
0.857750 0.990000 0.750000 0.860000
0.867000 0.990000 0.750000 0.860000
0.855250 0.990000 0.740000 0.850000
0.845750 0.990000 0.730000 0.840000
0.835750 0.990000 0.730000 0.830000
0.838000 0.990000 0.720000 0.830000
0.830750 0.990000 0.720000 0.830000
0.836250 0.990000 0.770000 0.830000
0.820500 0.990000 0.750000 0.810000
0.829750 0.990000 0.750000 0.810000
0.854750 0.990000 0.760000 0.840000
0.857000 0.990000 0.770000 0.850000
0.854000 0.990000 0.760000 0.850000
0.871000 0.990000 0.760000 0.860000
0.879500 0.990000 0.770000 0.870000
0.877250 0.990000 0.760000 0.870000
0.873500 0.990000 0.760000 0.860000
0.879500 0.990000 0.800000 0.890000
0.883250 0.990000 0.790000 0.870000
0.882500 0.990000 0.780000 0.880000
0.879000 0.990000 0.770000 0.870000
0.883000 0.990000 0.770000 0.880000
0.881750 0.990000 0.800000 0.870000
0.877750 0.990000 0.800000 0.880000
0.870000 0.990000 0.790000 0.870000
0.862000 0.990000 0.770000 0.860000
0.866750 0.990000 0.760000 0.860000
0.871750 0.990000 0.800000 0.860000
0.869500 0.990000 0.790000 0.870000
0.867250 0.990000 0.760000 0.870000
0.866000 0.990000 0.800000 0.860000
0.866250 0.990000 0.780000 0.860000
0.861000 0.990000 0.770000 0.850000
0.873250 0.990000 0.770000 0.870000
0.861750 0.990000 0.760000 0.860000
0.862000 0.990000 0.760000 0.860000
0.883500 0.990000 0.800000 0.870000
0.871500 0.990000 0.770000 0.870000
0.881000 0.990000 0.800000 0.870000
0.865750 0.990000 0.770000 0.860000
0.861000 0.990000 0.780000 0.860000
0.855750 0.990000 0.780000 0.850000
0.864000 0.990000 0.800000 0.860000
0.866000 0.990000 0.790000 0.850000
0.861750 0.990000 0.800000 0.850000
0.845250 0.990000 0.790000 0.840000
0.841500 0.990000 0.750000 0.830000
0.840750 0.990000 0.750000 0.830000
0.842250 0.990000 0.750000 0.830000
0.848250 0.990000 0.750000 0.840000
0.853250 0.990000 0.760000 0.850000
0.864500 0.990000 0.750000 0.850000
0.860250 0.990000 0.760000 0.850000
0.857750 0.990000 0.780000 0.860000
0.853500 0.990000 0.770000 0.850000
0.844000 0.990000 0.740000 0.840000
0.836250 0.990000 0.670000 0.840000
0.843750 0.990000 0.740000 0.830000
0.833500 0.990000 0.720000 0.830000
0.828000 0.990000 0.710000 0.810000
0.822750 0.990000 0.690000 0.820000
0.818250 0.990000 0.710000 0.810000
0.817500 0.990000 0.720000 0.820000
0.809000 0.990000 0.680000 0.810000
0.796500 0.990000 0.690000 0.790000
0.790750 0.990000 0.650000 0.790000
0.785000 0.990000 0.670000 0.780000
0.803750 0.990000 0.690000 0.790000
0.809750 0.990000 0.670000 0.810000
0.803750 0.990000 0.670000 0.800000
0.793250 0.990000 0.660000 0.780000
0.796250 0.990000 0.680000 0.780000
0.793750 0.990000 0.710000 0.760000
0.788500 0.990000 0.690000 0.790000
0.794750 0.990000 0.670000 0.790000
0.793750 0.990000 0.670000 0.780000
0.809500 0.990000 0.650000 0.790000
0.811500 0.990000 0.660000 0.800000
0.802000 0.990000 0.700000 0.800000
0.811250 0.990000 0.700000 0.810000
0.814500 0.990000 0.720000 0.810000
0.822250 0.990000 0.730000 0.810000
0.835500 0.990000 0.710000 0.820000
0.825250 0.990000 0.730000 0.810000
0.816000 0.990000 0.720000 0.800000
0.823750 0.990000 0.710000 0.810000
0.831000 0.990000 0.750000 0.830000
0.834250 0.990000 0.760000 0.820000
0.823750 0.990000 0.740000 0.820000
0.820250 0.990000 0.740000 0.820000
0.818000 0.990000 0.740000 0.810000
0.838500 0.990000 0.730000 0.830000
0.837500 0.990000 0.740000 0.820000
0.836000 0.990000 0.730000 0.830000
0.827500 0.990000 0.730000 0.820000
0.827750 0.990000 0.690000 0.830000
0.829750 0.990000 0.700000 0.830000
0.824750 0.990000 0.760000 0.820000
0.826250 0.990000 0.740000 0.810000
0.822000 0.990000 0.750000 0.810000
0.820750 0.990000 0.740000 0.810000
0.816500 0.990000 0.720000 0.810000
0.819250 0.990000 0.730000 0.810000
0.820250 0.990000 0.730000 0.810000
0.823250 0.990000 0.720000 0.810000
0.829750 0.990000 0.710000 0.810000
0.836250 0.990000 0.710000 0.820000
0.843750 0.990000 0.700000 0.830000
0.848250 0.990000 0.750000 0.830000
0.843000 0.990000 0.730000 0.840000
0.825750 0.990000 0.710000 0.810000
0.826000 0.990000 0.710000 0.820000
0.813000 0.990000 0.690000 0.810000
0.802000 0.990000 0.710000 0.800000
0.812500 0.990000 0.710000 0.820000
0.813750 0.990000 0.710000 0.800000
0.822250 0.990000 0.700000 0.810000
0.841000 0.990000 0.710000 0.810000
0.840750 0.990000 0.690000 0.820000
0.859250 0.990000 0.730000 0.850000
0.877250 0.990000 0.720000 0.880000
0.882500 0.990000 0.790000 0.870000
0.871500 0.990000 0.780000 0.860000
0.885000 0.990000 0.790000 0.880000
0.884000 0.990000 0.790000 0.880000
0.882750 0.990000 0.800000 0.880000
0.876500 0.990000 0.790000 0.870000
0.867500 0.990000 0.780000 0.860000
0.869750 0.990000 0.770000 0.870000
0.870750 0.990000 0.790000 0.860000
0.871750 0.990000 0.770000 0.870000
0.864250 0.990000 0.750000 0.870000
0.869000 0.990000 0.760000 0.860000
0.873750 0.990000 0.790000 0.870000
0.866250 0.990000 0.780000 0.860000
0.874750 0.990000 0.800000 0.870000
0.878000 0.990000 0.800000 0.880000
0.877000 0.990000 0.810000 0.870000
0.877750 0.990000 0.800000 0.870000
0.885750 0.990000 0.800000 0.870000
0.890000 0.990000 0.770000 0.900000
0.881250 0.990000 0.770000 0.880000
0.885250 0.990000 0.780000 0.880000
0.887500 0.990000 0.750000 0.890000
0.900500 0.990000 0.760000 0.900000
0.904000 0.990000 0.750000 0.910000
0.912250 0.990000 0.810000 0.910000
0.909500 0.990000 0.810000 0.910000
0.906750 0.990000 0.840000 0.910000
0.898750 0.990000 0.820000 0.900000
0.887000 0.990000 0.840000 0.880000
0.880250 0.990000 0.820000 0.880000
0.874250 0.990000 0.810000 0.870000
0.861000 0.990000 0.800000 0.860000
0.867750 0.990000 0.800000 0.870000
0.865250 0.990000 0.800000 0.860000
0.853500 0.990000 0.800000 0.840000
0.855250 0.990000 0.790000 0.840000
0.842750 0.990000 0.750000 0.830000
0.834000 0.990000 0.760000 0.820000
0.828500 0.990000 0.740000 0.810000
0.820500 0.990000 0.750000 0.810000
0.831500 0.990000 0.750000 0.810000
0.826750 0.990000 0.710000 0.810000
0.816500 0.990000 0.750000 0.800000
0.817500 0.990000 0.730000 0.800000
0.817000 0.990000 0.720000 0.810000
0.821250 0.990000 0.700000 0.810000
0.827000 0.990000 0.680000 0.820000
0.838750 0.990000 0.740000 0.810000
0.840250 0.990000 0.740000 0.830000
0.837000 0.990000 0.740000 0.830000
0.840000 0.990000 0.760000 0.830000
0.845500 0.990000 0.760000 0.840000
0.839500 0.990000 0.760000 0.840000
0.839250 0.990000 0.740000 0.830000
0.841500 0.990000 0.750000 0.840000
0.860250 0.990000 0.750000 0.850000
0.852500 0.990000 0.730000 0.840000
0.850500 0.990000 0.720000 0.840000
0.865500 0.990000 0.760000 0.850000
0.868000 0.990000 0.730000 0.860000
0.878000 0.990000 0.760000 0.880000
0.874750 0.990000 0.740000 0.880000
0.862250 0.990000 0.750000 0.860000
0.852750 0.990000 0.770000 0.840000
0.857000 0.990000 0.780000 0.850000
0.852500 0.990000 0.750000 0.850000
0.858000 0.990000 0.770000 0.850000
0.859250 0.990000 0.770000 0.850000
0.858250 0.990000 0.750000 0.850000
0.853250 0.990000 0.750000 0.840000
0.840250 0.990000 0.740000 0.840000
0.841750 0.990000 0.740000 0.840000
0.843500 0.990000 0.720000 0.830000
0.847750 0.990000 0.740000 0.830000
0.862250 0.990000 0.750000 0.860000
0.858000 0.990000 0.730000 0.850000
0.850750 0.990000 0.700000 0.850000
0.855750 0.990000 0.740000 0.850000
0.860250 0.990000 0.760000 0.860000
0.852500 0.990000 0.760000 0.850000
0.845000 0.990000 0.730000 0.830000
0.856250 0.990000 0.760000 0.850000
0.849000 0.990000 0.770000 0.830000
0.847250 0.990000 0.750000 0.840000
0.860000 0.990000 0.770000 0.860000
0.849000 0.990000 0.740000 0.840000
0.844750 0.990000 0.750000 0.830000
0.856500 0.990000 0.750000 0.850000
0.855000 0.990000 0.770000 0.850000
0.855000 0.990000 0.780000 0.850000
0.849000 0.990000 0.750000 0.840000
0.847250 0.990000 0.760000 0.840000
0.850250 0.990000 0.760000 0.850000
0.850000 0.990000 0.710000 0.840000
0.859000 0.990000 0.760000 0.860000
0.866250 0.990000 0.760000 0.860000
0.865250 0.990000 0.770000 0.860000
0.861750 0.990000 0.780000 0.850000
0.859250 0.990000 0.780000 0.850000
0.861250 0.990000 0.780000 0.850000
0.853750 0.990000 0.790000 0.840000
0.850000 0.990000 0.780000 0.830000
0.859250 0.990000 0.770000 0.850000
0.863500 0.990000 0.770000 0.860000
0.864750 0.990000 0.780000 0.860000
0.873750 0.990000 0.770000 0.880000
0.870500 0.990000 0.770000 0.860000
0.863250 0.990000 0.760000 0.850000
0.870750 0.990000 0.780000 0.860000
0.875750 0.990000 0.790000 0.870000
0.867750 0.990000 0.760000 0.870000
0.871000 0.990000 0.740000 0.870000
0.866750 0.990000 0.740000 0.870000
0.864250 0.990000 0.750000 0.860000
0.861500 0.990000 0.760000 0.840000
0.856250 0.990000 0.750000 0.850000
0.857500 0.990000 0.740000 0.850000
0.855750 0.990000 0.750000 0.840000
0.849750 0.990000 0.710000 0.840000
0.869750 0.990000 0.740000 0.870000
0.859750 0.990000 0.710000 0.860000
0.856000 0.990000 0.710000 0.860000
0.853750 0.990000 0.720000 0.860000
0.856750 0.990000 0.760000 0.860000
0.840000 0.990000 0.740000 0.840000
0.854250 0.990000 0.720000 0.860000
0.859500 0.990000 0.690000 0.860000
0.868000 0.990000 0.760000 0.870000
0.867000 0.990000 0.760000 0.860000
0.863250 0.990000 0.760000 0.870000
0.855000 0.990000 0.760000 0.860000
0.855250 0.990000 0.760000 0.850000
0.851250 0.990000 0.740000 0.850000
0.837250 0.990000 0.710000 0.840000
0.833250 0.990000 0.700000 0.840000
0.850750 0.990000 0.690000 0.840000
0.866500 0.990000 0.720000 0.850000
0.874500 0.990000 0.770000 0.880000
0.880500 0.990000 0.790000 0.880000
0.883250 0.990000 0.780000 0.880000
0.882250 0.990000 0.780000 0.880000
0.895750 0.990000 0.790000 0.890000
0.896750 0.990000 0.800000 0.900000
0.899750 0.990000 0.810000 0.900000
0.900500 0.990000 0.810000 0.900000
0.893250 0.990000 0.810000 0.900000
0.884500 0.990000 0.820000 0.880000
0.880750 0.990000 0.820000 0.870000
0.880750 0.990000 0.800000 0.880000
0.867750 0.990000 0.790000 0.870000
0.866500 0.990000 0.790000 0.870000
0.856750 0.990000 0.790000 0.850000
0.849250 0.990000 0.800000 0.840000
0.855500 0.990000 0.810000 0.850000
0.850250 0.990000 0.770000 0.850000
0.854000 0.990000 0.760000 0.850000
0.853750 0.990000 0.790000 0.840000
0.851750 0.990000 0.770000 0.840000
0.853750 0.990000 0.770000 0.860000
0.847500 0.990000 0.700000 0.850000
0.854500 0.990000 0.800000 0.840000
0.859000 0.990000 0.790000 0.840000
0.857000 0.990000 0.760000 0.850000
0.861250 0.990000 0.780000 0.850000
0.862000 0.990000 0.770000 0.860000
0.853250 0.990000 0.780000 0.840000
0.849500 0.990000 0.780000 0.830000
0.848500 0.990000 0.780000 0.840000
0.857750 0.990000 0.790000 0.850000
0.860500 0.990000 0.800000 0.850000
0.849500 0.990000 0.760000 0.850000
0.840750 0.990000 0.750000 0.850000
0.836250 0.990000 0.760000 0.830000
0.841750 0.990000 0.750000 0.830000
0.842000 0.990000 0.770000 0.840000
0.843000 0.990000 0.750000 0.840000
0.847500 0.990000 0.770000 0.840000
0.854250 0.990000 0.730000 0.840000
0.862250 0.990000 0.760000 0.860000
0.851000 0.990000 0.760000 0.840000
0.843750 0.990000 0.730000 0.840000
0.833500 0.990000 0.730000 0.820000
0.842250 0.990000 0.740000 0.840000
0.848000 0.990000 0.750000 0.840000
0.835500 0.990000 0.750000 0.830000
0.839250 0.990000 0.760000 0.830000
0.828750 0.990000 0.750000 0.820000
0.834250 0.990000 0.750000 0.820000
0.835000 0.990000 0.750000 0.820000
0.850000 0.990000 0.750000 0.840000
0.852750 0.990000 0.740000 0.850000
0.863000 0.990000 0.750000 0.860000
0.882500 0.990000 0.750000 0.880000
0.879750 0.990000 0.760000 0.890000
0.878500 0.990000 0.780000 0.880000
0.878000 0.990000 0.760000 0.880000
0.877000 0.990000 0.780000 0.880000
0.868250 0.990000 0.780000 0.860000
0.876250 1.000000 0.800000 0.870000
